**************************************** 系统环境信息 当前时间：2017-03-24 18:26:15****************************************
****** 系统版本：Windows 7 amd64 6.1
********** 物理内存：12500532
               剩余物理内存：8617716
               已用物理内存：3882816
********** CPU系统信息：amd64x4
               CPU使用率：49.0
****** ecology版本信息：授权：Company Type 1 版本号：7.100.0331
****** ecology注册用户：0
****** resin版本：3.1.8
****** JVM信息：1.6.0_45 64
***************************************************************************************************************************
**************************************** 系统环境信息 当前时间：2017-03-24 19:49:37****************************************
****** 系统版本：Windows 7 amd64 6.1
********** 物理内存：12500532
               剩余物理内存：9703744
               已用物理内存：2796788
********** CPU系统信息：amd64x4
               CPU使用率：35.0
****** ecology版本信息：授权：Company Type 1 版本号：7.100.0331
****** ecology注册用户：0
****** resin版本：3.1.8
****** JVM信息：1.6.0_45 64
***************************************************************************************************************************
**************************************** 系统环境信息 当前时间：2017-03-24 19:58:19****************************************
****** 系统版本：Windows 7 amd64 6.1
********** 物理内存：12500532
               剩余物理内存：9477572
               已用物理内存：3022960
********** CPU系统信息：amd64x4
               CPU使用率：75.0
****** ecology版本信息：授权：demo 版本号：7.100.0331
****** ecology注册用户：0
****** resin版本：3.1.8
****** JVM信息：1.6.0_45 64
***************************************************************************************************************************
**************************************** 系统环境信息 当前时间：2017-03-24 20:00:53****************************************
****** 系统版本：Windows 7 amd64 6.1
********** 物理内存：12500532
               剩余物理内存：9459680
               已用物理内存：3040852
********** CPU系统信息：amd64x4
               CPU使用率：72.0
****** ecology版本信息：授权：demo 版本号：7.100.0331
****** ecology注册用户：0
****** resin版本：3.1.8
****** JVM信息：1.6.0_45 64
***************************************************************************************************************************
**************************************** 系统环境信息 当前时间：2017-03-24 20:01:53****************************************
****** 系统版本：Windows 7 amd64 6.1
********** 物理内存：12500532
               剩余物理内存：9458524
               已用物理内存：3042008
********** CPU系统信息：amd64x4
               CPU使用率：83.0
****** ecology版本信息：授权：demo 版本号：7.100.0331
****** ecology注册用户：0
****** resin版本：3.1.8
****** JVM信息：1.6.0_45 64
***************************************************************************************************************************
**************************************** 系统环境信息 当前时间：2017-03-24 20:11:24****************************************
****** 系统版本：Windows 7 amd64 6.1
********** 物理内存：12500532
               剩余物理内存：9060988
               已用物理内存：3439544
********** CPU系统信息：amd64x4
               CPU使用率：80.0
****** ecology版本信息：授权：上海建坤信息技术有限责任公司 版本号：7.100.0331+KB71001401
****** ecology注册用户：288
****** resin版本：3.1.8
****** JVM信息：1.6.0_45 64
***************************************************************************************************************************
**************************************** 系统环境信息 当前时间：2017-03-24 23:00:17****************************************
****** 系统版本：Windows 7 amd64 6.1
********** 物理内存：12500532
               剩余物理内存：8445416
               已用物理内存：4055116
********** CPU系统信息：amd64x4
               CPU使用率：77.0
****** ecology版本信息：授权：上海建坤信息技术有限责任公司 版本号：7.100.0331+KB71001401
****** ecology注册用户：288
****** resin版本：3.1.8
****** JVM信息：1.6.0_45 64
***************************************************************************************************************************
**************************************** 系统环境信息 当前时间：2017-03-24 23:05:53****************************************
****** 系统版本：Windows 7 amd64 6.1
********** 物理内存：12500532
               剩余物理内存：8252764
               已用物理内存：4247768
********** CPU系统信息：amd64x4
               CPU使用率：83.0
****** ecology版本信息：授权：上海建坤信息技术有限责任公司 版本号：7.100.0331+KB71001401
****** ecology注册用户：288
****** resin版本：3.1.8
****** JVM信息：1.6.0_45 64
***************************************************************************************************************************
**************************************** 系统环境信息 当前时间：2017-03-24 23:07:51****************************************
****** 系统版本：Windows 7 amd64 6.1
********** 物理内存：12500532
               剩余物理内存：8901044
               已用物理内存：3599488
********** CPU系统信息：amd64x4
               CPU使用率：77.0
****** ecology版本信息：授权：demo 版本号：7.100.0331
****** ecology注册用户：0
****** resin版本：3.1.8
****** JVM信息：1.6.0_45 64
***************************************************************************************************************************
**************************************** 系统环境信息 当前时间：2017-03-24 23:10:43****************************************
****** 系统版本：Windows 7 amd64 6.1
********** 物理内存：12500532
               剩余物理内存：8412640
               已用物理内存：4087892
********** CPU系统信息：amd64x4
               CPU使用率：76.0
****** ecology版本信息：授权：上海建坤信息技术有限责任公司 版本号：7.100.0331+KB71001401
****** ecology注册用户：288
****** resin版本：3.1.8
****** JVM信息：1.6.0_45 64
***************************************************************************************************************************
**************************************** 系统环境信息 当前时间：2017-03-24 23:13:33****************************************
****** 系统版本：Windows 7 amd64 6.1
********** 物理内存：12500532
               剩余物理内存：8305472
               已用物理内存：4195060
********** CPU系统信息：amd64x4
               CPU使用率：75.0
****** ecology版本信息：授权：上海建坤信息技术有限责任公司 版本号：7.100.0331+KB71001401
****** ecology注册用户：288
****** resin版本：3.1.8
****** JVM信息：1.6.0_45 64
***************************************************************************************************************************
**************************************** 系统环境信息 当前时间：2017-03-24 23:14:19****************************************
****** 系统版本：Windows 7 amd64 6.1
********** 物理内存：12500532
               剩余物理内存：8299848
               已用物理内存：4200684
********** CPU系统信息：amd64x4
               CPU使用率：77.0
****** ecology版本信息：授权：上海建坤信息技术有限责任公司 版本号：7.100.0331+KB71001401
****** ecology注册用户：288
****** resin版本：3.1.8
****** JVM信息：1.6.0_45 64
***************************************************************************************************************************
**************************************** 系统环境信息 当前时间：2017-03-24 23:17:07****************************************
****** 系统版本：Windows 7 amd64 6.1
********** 物理内存：12500532
               剩余物理内存：8287956
               已用物理内存：4212576
********** CPU系统信息：amd64x4
               CPU使用率：69.0
****** ecology版本信息：授权：demo 版本号：7.100.0331
****** ecology注册用户：0
****** resin版本：3.1.8
****** JVM信息：1.6.0_45 64
***************************************************************************************************************************
**************************************** 系统环境信息 当前时间：2017-03-24 23:18:25****************************************
****** 系统版本：Windows 7 amd64 6.1
********** 物理内存：12500532
               剩余物理内存：8519680
               已用物理内存：3980852
********** CPU系统信息：amd64x4
               CPU使用率：74.0
****** ecology版本信息：授权：上海建坤信息技术有限责任公司 版本号：7.100.0331+KB71001401
****** ecology注册用户：288
****** resin版本：3.1.8
****** JVM信息：1.6.0_45 64
***************************************************************************************************************************
**************************************** 系统环境信息 当前时间：2017-03-24 23:21:10****************************************
****** 系统版本：Windows 7 amd64 6.1
********** 物理内存：12500532
               剩余物理内存：8958244
               已用物理内存：3542288
********** CPU系统信息：amd64x4
               CPU使用率：88.0
****** ecology版本信息：授权：上海建坤信息技术有限责任公司 版本号：7.100.0331+KB71001401
****** ecology注册用户：288
****** resin版本：3.1.8
****** JVM信息：1.6.0_45 64
***************************************************************************************************************************
**************************************** 系统环境信息 当前时间：2017-03-24 23:22:42****************************************
****** 系统版本：Windows 7 amd64 6.1
********** 物理内存：12500532
               剩余物理内存：8804012
               已用物理内存：3696520
********** CPU系统信息：amd64x4
               CPU使用率：68.0
****** ecology版本信息：授权：demo 版本号：7.100.0331
****** ecology注册用户：0
****** resin版本：3.1.8
****** JVM信息：1.6.0_45 64
***************************************************************************************************************************
**************************************** 系统环境信息 当前时间：2017-03-24 23:24:46****************************************
****** 系统版本：Windows 7 amd64 6.1
********** 物理内存：12500532
               剩余物理内存：8722656
               已用物理内存：3777876
********** CPU系统信息：amd64x4
               CPU使用率：79.0
****** ecology版本信息：授权：上海建坤信息技术有限责任公司 版本号：7.100.0331+KB71001401
****** ecology注册用户：288
****** resin版本：3.1.8
****** JVM信息：1.6.0_45 64
***************************************************************************************************************************
