**************************************** 系统环境信息 当前时间：2017-03-21 20:18:39****************************************
****** 系统版本：Windows 7 amd64 6.1
********** 物理内存：12500532
               剩余物理内存：8350944
               已用物理内存：4149588
********** CPU系统信息：amd64x4
               CPU使用率：33.0
****** ecology版本信息：授权：上海地产（集团）有限公司（主卡） 版本号：7.100.0331+KB71001307
****** ecology注册用户：3959
****** resin版本：3.1.8
****** JVM信息：1.6.0_45 64
***************************************************************************************************************************
**************************************** 系统环境信息 当前时间：2017-03-21 20:22:21****************************************
****** 系统版本：Windows 7 amd64 6.1
********** 物理内存：12500532
               剩余物理内存：8257956
               已用物理内存：4242576
********** CPU系统信息：amd64x4
               CPU使用率：66.0
****** ecology版本信息：授权：上海地产（集团）有限公司（主卡） 版本号：7.100.0331+KB71001307
****** ecology注册用户：3959
****** resin版本：3.1.8
****** JVM信息：1.6.0_45 64
***************************************************************************************************************************
**************************************** 系统环境信息 当前时间：2017-03-21 20:26:51****************************************
****** 系统版本：Windows 7 amd64 6.1
********** 物理内存：12500532
               剩余物理内存：7997740
               已用物理内存：4502792
********** CPU系统信息：amd64x4
               CPU使用率：97.0
****** ecology版本信息：授权：上海地产（集团）有限公司（主卡） 版本号：7.100.0331+KB71001307
****** ecology注册用户：3959
****** resin版本：3.1.8
****** JVM信息：1.6.0_45 64
***************************************************************************************************************************
**************************************** 系统环境信息 当前时间：2017-03-21 20:29:07****************************************
****** 系统版本：Windows 7 amd64 6.1
********** 物理内存：12500532
               剩余物理内存：8072284
               已用物理内存：4428248
********** CPU系统信息：amd64x4
               CPU使用率：91.0
****** ecology版本信息：授权：上海地产（集团）有限公司（主卡） 版本号：7.100.0331+KB71001307
****** ecology注册用户：3959
****** resin版本：3.1.8
****** JVM信息：1.6.0_45 64
***************************************************************************************************************************
**************************************** 系统环境信息 当前时间：2017-03-21 21:26:22****************************************
****** 系统版本：Windows 7 amd64 6.1
********** 物理内存：12500532
               剩余物理内存：7457608
               已用物理内存：5042924
********** CPU系统信息：amd64x4
               CPU使用率：83.0
****** ecology版本信息：授权：上海地产（集团）有限公司（主卡） 版本号：7.100.0331+KB71001307
****** ecology注册用户：3959
****** resin版本：3.1.8
****** JVM信息：1.6.0_45 64
***************************************************************************************************************************
**************************************** 系统环境信息 当前时间：2017-03-21 21:28:34****************************************
****** 系统版本：Windows 7 amd64 6.1
********** 物理内存：12500532
               剩余物理内存：7508972
               已用物理内存：4991560
********** CPU系统信息：amd64x4
               CPU使用率：81.0
****** ecology版本信息：授权：上海地产（集团）有限公司（主卡） 版本号：7.100.0331+KB71001307
****** ecology注册用户：3959
****** resin版本：3.1.8
****** JVM信息：1.6.0_45 64
***************************************************************************************************************************
**************************************** 系统环境信息 当前时间：2017-03-21 21:31:31****************************************
****** 系统版本：Windows 7 amd64 6.1
********** 物理内存：12500532
               剩余物理内存：7633860
               已用物理内存：4866672
********** CPU系统信息：amd64x4
               CPU使用率：78.0
****** ecology版本信息：授权：上海地产（集团）有限公司（主卡） 版本号：7.100.0331+KB71001307
****** ecology注册用户：3959
****** resin版本：3.1.8
****** JVM信息：1.6.0_45 64
***************************************************************************************************************************
**************************************** 系统环境信息 当前时间：2017-03-21 21:43:44****************************************
****** 系统版本：Windows 7 amd64 6.1
********** 物理内存：12500532
               剩余物理内存：7916540
               已用物理内存：4583992
********** CPU系统信息：amd64x4
               CPU使用率：83.0
****** ecology版本信息：授权： 版本号：
****** ecology注册用户：0
****** resin版本：3.1.8
****** JVM信息：1.6.0_45 64
***************************************************************************************************************************
**************************************** 系统环境信息 当前时间：2017-03-21 21:48:02****************************************
****** 系统版本：Windows 7 amd64 6.1
********** 物理内存：12500532
               剩余物理内存：7870412
               已用物理内存：4630120
********** CPU系统信息：amd64x4
               CPU使用率：89.0
****** ecology版本信息：授权： 版本号：
****** ecology注册用户：0
****** resin版本：3.1.8
****** JVM信息：1.6.0_45 64
***************************************************************************************************************************
**************************************** 系统环境信息 当前时间：2017-03-21 22:23:31****************************************
****** 系统版本：Windows 7 amd64 6.1
********** 物理内存：12500532
               剩余物理内存：6735392
               已用物理内存：5765140
********** CPU系统信息：amd64x4
               CPU使用率：84.0
****** ecology版本信息：授权：Company Type 1 版本号：7.100.0331
****** ecology注册用户：0
****** resin版本：3.1.8
****** JVM信息：1.6.0_45 64
***************************************************************************************************************************
