**************************************** 系统环境信息 当前时间：2017-03-25 00:27:18****************************************
****** 系统版本：Windows 7 amd64 6.1
********** 物理内存：12500532
               剩余物理内存：7562712
               已用物理内存：4937820
********** CPU系统信息：amd64x4
               CPU使用率：114.0
****** ecology版本信息：授权：上海建坤信息技术有限责任公司 版本号：7.100.0331+KB71001401
****** ecology注册用户：288
****** resin版本：3.1.8
****** JVM信息：1.6.0_45 64
***************************************************************************************************************************
**************************************** 系统环境信息 当前时间：2017-03-25 00:36:59****************************************
****** 系统版本：Windows 7 amd64 6.1
********** 物理内存：12500532
               剩余物理内存：7338936
               已用物理内存：5161596
********** CPU系统信息：amd64x4
               CPU使用率：57.0
****** ecology版本信息：授权：上海建坤信息技术有限责任公司 版本号：7.100.0331+KB71001401
****** ecology注册用户：288
****** resin版本：3.1.8
****** JVM信息：1.6.0_45 64
***************************************************************************************************************************
**************************************** 系统环境信息 当前时间：2017-03-25 00:44:54****************************************
****** 系统版本：Windows 7 amd64 6.1
********** 物理内存：12500532
               剩余物理内存：7580516
               已用物理内存：4920016
********** CPU系统信息：amd64x4
               CPU使用率：71.0
****** ecology版本信息：授权：demo 版本号：7.100.0331
****** ecology注册用户：0
****** resin版本：3.1.8
****** JVM信息：1.6.0_45 64
***************************************************************************************************************************
