2017-03-25 00:27:23 0.56 5.01 2.04 58.99 31 0.55 0 0 0.55 
2017-03-25 00:27:28 0.18 36.16 2.12 64.19 50 0.6 0 0 0.6 
2017-03-25 00:27:33 0.18 55.35 2.12 64.21 50 0.6 0 0 0.6 
2017-03-25 00:27:38 0.18 55.35 2.12 64.21 50 0.6 0 0 0.6 
2017-03-25 00:27:43 0.18 55.35 2.12 64.21 50 0.6 0 0 0.6 
2017-03-25 00:27:48 0.18 57.41 2.12 64.21 50 0.6 0 0 0.6 
2017-03-25 00:27:53 0.18 58.41 2.12 64.21 50 0.6 0 0 0.6 
2017-03-25 00:27:58 0.18 58.41 2.12 64.21 50 0.6 0 0 0.6 
2017-03-25 00:28:03 0.18 69.38 2.12 64.79 50 0.6 0 0 0.6 
2017-03-25 00:28:08 0.18 70.13 2.12 64.79 50 0.6 0 0 0.6 
2017-03-25 00:28:13 0.18 71.13 2.12 64.79 50 0.6 0 0 0.6 
2017-03-25 00:28:18 0.18 79.13 2.12 64.88 50 0.6 0 0 0.6 
2017-03-25 00:28:23 0.18 80.13 2.12 64.88 50 0.6 0 0 0.6 
2017-03-25 00:28:28 0.18 82.13 2.12 64.88 50 0.6 0 0 0.6 
2017-03-25 00:28:33 0.18 82.13 2.12 64.88 50 0.6 0 0 0.6 
2017-03-25 00:28:38 0.18 84.17 2.12 64.88 50 0.6 0 0 0.6 
2017-03-25 00:28:43 0.18 84.46 2.12 64.88 50 0.6 0 0 0.6 
2017-03-25 00:28:48 0.18 84.91 2.12 64.88 50 0.6 0 0 0.6 
2017-03-25 00:28:53 0.18 84.91 2.12 64.88 50 0.6 0 0 0.6 
2017-03-25 00:28:58 0.18 84.91 2.12 64.88 50 0.6 0 0 0.6 
2017-03-25 00:29:03 0.18 84.91 2.12 64.88 50 0.6 0 0 0.6 
2017-03-25 00:29:08 0.18 84.91 2.12 64.88 50 0.6 0 0 0.6 
2017-03-25 00:29:13 0.18 84.91 2.12 64.88 50 0.6 0 0 0.6 
2017-03-25 00:29:18 0.18 85.2 2.12 64.88 50 0.6 0 0 0.6 
2017-03-25 00:29:23 0.18 85.2 2.12 64.88 50 0.6 0 0 0.6 
2017-03-25 00:29:28 0.18 85.2 2.12 64.88 50 0.6 0 0 0.6 
2017-03-25 00:29:33 0.18 85.2 2.12 64.88 50 0.6 0 0 0.6 
2017-03-25 00:29:38 0.18 85.2 2.12 64.88 50 0.6 0 0 0.6 
2017-03-25 00:29:43 0.18 85.2 2.12 64.88 50 0.6 0 0 0.6 
2017-03-25 00:29:48 0.18 85.2 2.12 64.89 50 0.6 0 0 0.6 
2017-03-25 00:29:53 0.18 85.49 2.12 64.89 50 0.6 0 0 0.6 
2017-03-25 00:29:58 0.18 85.49 2.12 64.89 50 0.6 0 0 0.6 
2017-03-25 00:30:03 0.18 85.49 2.12 64.89 50 0.6 0 0 0.6 
2017-03-25 00:30:08 0.18 85.49 2.12 64.89 50 0.6 0 0 0.6 
2017-03-25 00:30:13 74.9 20.2 2.12 65.95 51 0.64 0 0 0.64 
2017-03-25 00:30:18 74.9 40.97 2.12 66.25 51 0.64 0 0 0.64 
2017-03-25 00:30:23 0.06 34.66 2.52 66.25 99 0.82 0 0 0.82 
2017-03-25 00:37:04 4.61 2.88 1.97 63.97 36 0.5 0 0 0.5 
2017-03-25 00:37:09 0.06 14.04 2.02 64 48 0.52 0 0 0.52 
2017-03-25 00:37:14 0.06 14.71 2.02 64 48 0.52 0 0 0.52 
2017-03-25 00:37:19 0.06 14.71 2.02 64 48 0.52 0 0 0.52 
2017-03-25 00:37:24 0.06 14.71 2.02 64 48 0.52 0 0 0.52 
2017-03-25 00:37:29 0.06 18.77 2.02 64 48 0.52 0 0 0.52 
2017-03-25 00:37:34 0.06 18.77 2.02 64 48 0.52 0 0 0.52 
2017-03-25 00:37:39 0.06 18.77 2.02 64 48 0.52 0 0 0.52 
2017-03-25 00:37:44 0.06 18.77 2.02 64 48 0.52 0 0 0.52 
2017-03-25 00:37:49 0.06 18.77 2.02 64 48 0.52 0 0 0.52 
2017-03-25 00:37:54 0.06 18.77 2.02 64 48 0.52 0 0 0.52 
2017-03-25 00:37:59 0.06 26.77 2.02 64.09 48 0.52 0 0 0.52 
2017-03-25 00:38:04 0.06 31.83 2.02 64.09 48 0.52 0 0 0.52 
2017-03-25 00:44:59 0.87 86.39 1.94 63.89 40 0.36 0 0 0.36 
2017-03-25 00:45:04 0.07 74.95 2 63.92 47 0.38 0 0 0.38 
2017-03-25 00:45:09 0.07 75.62 2 63.92 47 0.38 0 0 0.38 
2017-03-25 00:45:14 0.07 84.62 2 63.92 47 0.38 0 0 0.38 
