2017-03-24 18:26:19 2.96 95.98 1.86 12.71 3 0.24 0 0 0.24 
2017-03-24 18:26:24 2.09 11.32 1.86 49.49 4 0.25 0 0 0.25 
2017-03-24 18:26:29 2.09 33.63 1.86 64.14 4 0.25 0 0 0.25 
2017-03-24 18:26:34 2.09 34.96 1.86 64.14 4 0.25 0 0 0.25 
2017-03-24 18:26:39 2.09 35.98 1.86 64.14 4 0.25 0 0 0.25 
2017-03-24 18:26:44 2.09 37.35 1.86 64.15 4 0.25 0 0 0.25 
2017-03-24 18:26:49 2.09 37.35 1.86 64.15 4 0.25 0 0 0.25 
2017-03-24 18:26:54 2.09 37.35 1.86 64.15 4 0.25 0 0 0.25 
2017-03-24 18:26:59 2.09 37.35 1.86 64.15 4 0.25 0 0 0.25 
2017-03-24 18:27:04 2.09 37.35 1.86 64.15 4 0.25 0 0 0.25 
2017-03-24 18:27:09 2.09 37.35 1.86 64.15 4 0.25 0 0 0.25 
2017-03-24 18:27:14 2.09 45.35 1.86 64.24 4 0.25 0 0 0.25 
2017-03-24 18:27:19 2.09 45.35 1.86 64.24 4 0.25 0 0 0.25 
2017-03-24 18:27:24 2.09 45.35 1.86 64.24 4 0.25 0 0 0.25 
2017-03-24 18:27:29 2.09 47.69 1.86 64.24 4 0.25 0 0 0.25 
2017-03-24 18:27:34 2.09 47.69 1.86 64.24 4 0.25 0 0 0.25 
2017-03-24 18:27:39 2.09 47.69 1.86 64.24 4 0.25 0 0 0.25 
2017-03-24 18:27:44 2.09 47.69 1.86 64.24 4 0.25 0 0 0.25 
2017-03-24 18:27:49 2.09 47.69 1.86 64.24 4 0.25 0 0 0.25 
2017-03-24 18:27:54 2.09 47.69 1.86 64.24 4 0.25 0 0 0.25 
2017-03-24 18:27:59 2.09 47.69 1.86 64.24 4 0.25 0 0 0.25 
2017-03-24 18:28:04 2.09 47.69 1.86 64.24 4 0.25 0 0 0.25 
2017-03-24 18:28:09 2.09 47.69 1.86 64.24 4 0.25 0 0 0.25 
2017-03-24 18:28:14 2.09 48.02 1.86 64.24 4 0.25 0 0 0.25 
2017-03-24 18:28:19 2.09 48.02 1.86 64.24 4 0.25 0 0 0.25 
2017-03-24 18:28:24 2.09 48.02 1.86 64.24 4 0.25 0 0 0.25 
2017-03-24 18:28:29 2.09 49.04 1.86 64.24 4 0.25 0 0 0.25 
2017-03-24 18:28:34 2.09 49.38 1.86 64.24 4 0.25 0 0 0.25 
2017-03-24 18:28:39 2.09 49.38 1.86 64.24 4 0.25 0 0 0.25 
2017-03-24 18:28:44 2.09 49.38 1.86 64.24 4 0.25 0 0 0.25 
2017-03-24 18:28:49 2.09 49.38 1.86 64.24 4 0.25 0 0 0.25 
2017-03-24 18:28:54 2.09 49.38 1.86 64.24 4 0.25 0 0 0.25 
2017-03-24 18:28:59 2.09 55.09 1.86 64.64 4 0.25 0 0 0.25 
2017-03-24 18:29:04 2.09 62.13 1.86 65.24 4 0.25 0 0 0.25 
2017-03-24 18:29:09 2.09 62.13 1.86 65.24 4 0.25 0 0 0.25 
2017-03-24 18:29:14 2.09 66.47 1.86 65.25 4 0.25 0 0 0.25 
2017-03-24 18:29:19 17.59 71.35 1.86 65.26 7 0.27 0 0 0.27 
2017-03-24 18:29:24 17.59 71.52 1.86 65.26 7 0.27 0 0 0.27 
2017-03-24 18:29:29 17.59 76.5 1.86 65.26 7 0.27 0 0 0.27 
2017-03-24 18:29:34 17.59 76.75 1.86 65.26 7 0.27 0 0 0.27 
2017-03-24 18:29:39 17.59 76.75 1.86 65.26 7 0.27 0 0 0.27 
2017-03-24 18:29:44 17.59 77.43 1.86 65.26 7 0.27 0 0 0.27 
2017-03-24 18:29:49 17.59 77.43 1.86 65.26 7 0.27 0 0 0.27 
2017-03-24 18:29:54 17.59 77.72 1.86 65.26 7 0.27 0 0 0.27 
2017-03-24 18:29:59 17.59 77.72 1.86 65.26 7 0.27 0 0 0.27 
2017-03-24 18:30:04 17.59 77.72 1.86 65.26 7 0.27 0 0 0.27 
2017-03-24 18:30:09 17.59 77.72 1.86 65.26 7 0.27 0 0 0.27 
2017-03-24 18:30:14 17.59 82.26 1.86 65.26 7 0.27 0 0 0.27 
2017-03-24 18:30:19 17.59 82.26 1.86 65.26 7 0.27 0 0 0.27 
2017-03-24 18:30:24 17.59 82.26 1.86 65.26 7 0.27 0 0 0.27 
2017-03-24 18:30:29 17.59 82.51 1.86 65.26 7 0.27 0 0 0.27 
2017-03-24 18:30:34 17.59 82.51 1.86 65.26 7 0.27 0 0 0.27 
2017-03-24 18:30:39 17.59 82.51 1.86 65.26 7 0.27 0 0 0.27 
2017-03-24 18:30:44 17.59 83.19 1.86 65.26 7 0.27 0 0 0.27 
2017-03-24 18:30:49 17.59 83.19 1.86 65.26 7 0.27 0 0 0.27 
2017-03-24 18:30:54 17.59 83.19 1.86 65.26 7 0.27 0 0 0.27 
2017-03-24 18:30:59 17.59 83.19 1.86 65.26 7 0.27 0 0 0.27 
2017-03-24 18:31:04 17.59 85.6 1.86 65.33 7 0.27 0 0 0.27 
2017-03-24 18:31:09 17.59 85.96 1.86 65.34 7 0.27 0 0 0.27 
2017-03-24 18:31:14 17.59 86.98 1.86 65.34 7 0.27 0 0 0.27 
2017-03-24 18:31:19 17.59 87.49 1.86 65.35 7 0.27 0 0 0.27 
2017-03-24 18:31:24 17.59 87.49 1.86 65.35 7 0.27 0 0 0.27 
2017-03-24 18:31:29 17.59 87.49 1.86 65.35 7 0.27 0 0 0.27 
2017-03-24 18:31:34 17.59 87.49 1.86 65.35 7 0.27 0 0 0.27 
2017-03-24 18:31:39 17.59 87.74 1.86 65.35 7 0.27 0 0 0.27 
2017-03-24 18:31:44 17.59 88.42 1.86 65.35 7 0.27 0 0 0.27 
2017-03-24 18:31:49 17.59 88.42 1.86 65.35 7 0.27 0 0 0.27 
2017-03-24 18:31:54 17.59 88.42 1.86 65.35 7 0.27 0 0 0.27 
2017-03-24 18:31:59 17.59 88.42 1.86 65.35 7 0.27 0 0 0.27 
2017-03-24 18:32:04 17.59 88.42 1.86 65.35 7 0.27 0 0 0.27 
2017-03-24 18:32:09 17.59 89.1 1.86 65.35 7 0.27 0 0 0.27 
2017-03-24 18:32:14 17.59 90.12 1.86 65.35 7 0.27 0 0 0.27 
2017-03-24 18:32:19 0.05 22.77 2.09 65.35 57 0.59 0 0 0.59 
2017-03-24 18:32:24 0.05 23.06 2.09 65.35 57 0.59 0 0 0.59 
2017-03-24 18:32:29 0.05 28.9 2.09 65.35 57 0.59 0 0 0.59 
2017-03-24 18:32:34 0.05 29.15 2.09 65.35 57 0.59 0 0 0.59 
2017-03-24 18:32:39 0.05 29.59 2.09 65.35 57 0.59 0 0 0.59 
2017-03-24 18:32:44 0.05 31.01 2.09 65.35 57 0.59 0 0 0.59 
2017-03-24 18:32:49 0.05 31.01 2.09 65.35 57 0.59 0 0 0.59 
2017-03-24 18:32:54 0.05 31.31 2.09 65.35 57 0.59 0 0 0.59 
2017-03-24 18:32:59 0.05 36.74 2.09 65.35 57 0.59 0 0 0.59 
2017-03-24 19:49:42 100 70.66 0.45 12.66 1 0.16 0 0 0.16 
2017-03-24 19:49:47 100 77.78 0.45 12.66 1 0.16 0 0 0.16 
2017-03-24 19:49:52 100 90.98 0.45 63.84 1 0.16 0 0 0.16 
2017-03-24 19:49:57 83.05 12.3 1.85 64.09 2 0.33 0 0 0.33 
2017-03-24 19:50:02 83.05 22.98 1.85 64.67 2 0.33 0 0 0.33 
2017-03-24 19:50:07 83.05 24.99 1.85 64.7 2 0.33 0 0 0.33 
2017-03-24 19:50:12 83.05 25.19 1.85 64.78 2 0.33 0 0 0.33 
2017-03-24 19:50:17 83.05 25.19 1.85 64.78 2 0.33 0 0 0.33 
2017-03-24 19:50:22 83.05 25.19 1.85 64.78 2 0.33 0 0 0.33 
2017-03-24 19:50:27 83.05 25.39 1.85 64.78 2 0.33 0 0 0.33 
2017-03-24 19:50:32 83.05 25.39 1.85 64.78 2 0.33 0 0 0.33 
2017-03-24 19:50:37 83.05 33.39 1.85 64.87 2 0.33 0 0 0.33 
2017-03-24 19:50:42 83.05 33.39 1.85 64.87 2 0.33 0 0 0.33 
2017-03-24 19:50:47 83.05 33.39 1.85 64.87 2 0.33 0 0 0.33 
2017-03-24 19:50:52 83.05 33.59 1.85 64.87 2 0.33 0 0 0.33 
2017-03-24 19:50:57 83.05 35.19 1.85 64.87 2 0.33 0 0 0.33 
2017-03-24 19:51:02 83.05 35.19 1.85 64.87 2 0.33 0 0 0.33 
2017-03-24 19:51:07 83.05 35.19 1.85 64.87 2 0.33 0 0 0.33 
2017-03-24 19:51:12 83.05 35.19 1.85 64.87 2 0.33 0 0 0.33 
2017-03-24 19:51:17 83.05 35.19 1.85 64.87 2 0.33 0 0 0.33 
2017-03-24 19:51:22 83.05 35.19 1.85 64.87 2 0.33 0 0 0.33 
2017-03-24 19:51:27 83.05 35.19 1.85 64.87 2 0.33 0 0 0.33 
2017-03-24 19:51:32 83.05 35.19 1.85 64.87 2 0.33 0 0 0.33 
2017-03-24 19:51:37 83.05 35.19 1.85 64.87 2 0.33 0 0 0.33 
2017-03-24 19:51:42 83.05 35.19 1.85 64.87 2 0.33 0 0 0.33 
2017-03-24 19:51:47 83.05 35.19 1.85 64.87 2 0.33 0 0 0.33 
2017-03-24 19:51:52 83.05 35.19 1.85 64.87 2 0.33 0 0 0.33 
2017-03-24 19:51:57 83.05 35.19 1.85 64.87 2 0.33 0 0 0.33 
2017-03-24 19:52:02 83.05 36.89 1.85 64.87 2 0.33 0 0 0.33 
2017-03-24 19:52:07 83.05 36.89 1.85 64.87 2 0.33 0 0 0.33 
2017-03-24 19:52:12 83.05 36.89 1.85 64.87 2 0.33 0 0 0.33 
2017-03-24 19:52:17 83.05 36.89 1.85 64.87 2 0.33 0 0 0.33 
2017-03-24 19:52:22 83.05 36.89 1.85 64.87 2 0.33 0 0 0.33 
2017-03-24 19:52:27 83.05 36.89 1.85 64.88 2 0.33 0 0 0.33 
2017-03-24 19:52:32 83.05 36.89 1.85 64.88 2 0.33 0 0 0.33 
2017-03-24 19:52:37 83.05 40.89 1.85 64.89 2 0.33 0 0 0.33 
2017-03-24 19:52:42 0.06 9.81 2.03 64.89 47 0.57 0 0 0.57 
2017-03-24 19:52:47 0.06 11.1 2.03 64.89 47 0.57 0 0 0.57 
2017-03-24 19:52:52 0.06 16.34 2.03 64.89 47 0.57 0 0 0.57 
2017-03-24 19:52:57 0.06 21.07 2.03 64.89 47 0.57 0 0 0.57 
2017-03-24 19:53:02 0.06 21.75 2.03 64.89 47 0.57 0 0 0.57 
2017-03-24 19:53:07 0.06 21.75 2.03 64.89 47 0.57 0 0 0.57 
2017-03-24 19:53:12 0.06 21.75 2.03 64.89 47 0.57 0 0 0.57 
2017-03-24 19:53:17 0.06 21.75 2.03 64.89 47 0.57 0 0 0.57 
2017-03-24 19:53:22 0.06 21.75 2.03 64.89 47 0.57 0 0 0.57 
2017-03-24 19:53:27 0.06 21.75 2.03 64.89 47 0.57 0 0 0.57 
2017-03-24 19:53:32 0.06 22.87 2.03 64.89 47 0.57 0 0 0.57 
2017-03-24 19:53:37 0.06 27.4 2.03 64.89 47 0.57 0 0 0.57 
2017-03-24 19:53:42 0.06 27.4 2.03 64.89 47 0.57 0 0 0.57 
2017-03-24 19:53:47 0.06 27.4 2.03 64.89 47 0.57 0 0 0.57 
2017-03-24 19:53:52 0.06 27.4 2.03 64.89 47 0.57 0 0 0.57 
2017-03-24 19:53:57 0.06 29.4 2.03 64.89 47 0.57 0 0 0.57 
2017-03-24 19:54:02 0.06 29.85 2.03 64.89 47 0.57 0 0 0.57 
2017-03-24 19:54:07 0.06 29.85 2.03 64.89 47 0.57 0 0 0.57 
2017-03-24 19:54:12 0.06 33.18 2.03 65.26 47 0.57 0 0 0.57 
2017-03-24 19:54:17 0.06 33.97 2.03 65.3 47 0.57 0 0 0.57 
2017-03-24 19:54:22 0.06 33.97 2.03 65.3 47 0.57 0 0 0.57 
2017-03-24 19:54:27 0.06 33.97 2.03 65.3 47 0.57 0 0 0.57 
2017-03-24 19:54:32 0.06 33.97 2.03 65.3 47 0.57 0 0 0.57 
2017-03-24 19:54:37 0.06 35.44 2.03 65.3 47 0.57 0 0 0.57 
2017-03-24 19:54:42 0.06 35.44 2.03 65.3 47 0.57 0 0 0.57 
2017-03-24 19:54:47 0.06 36.46 2.03 65.44 47 0.57 0 0 0.57 
2017-03-24 19:54:52 0.06 38.46 2.03 65.44 47 0.57 0 0 0.57 
2017-03-24 19:54:57 0.06 47.52 2.03 65.53 47 0.57 0 0 0.57 
2017-03-24 19:55:02 0.06 48.54 2.03 65.55 47 0.57 0 0 0.57 
2017-03-24 19:55:07 0.06 48.54 2.03 65.55 47 0.57 0 0 0.57 
2017-03-24 19:55:12 0.06 48.54 2.03 65.55 47 0.57 0 0 0.57 
2017-03-24 19:55:17 0.06 48.54 2.03 65.55 47 0.57 0 0 0.57 
2017-03-24 19:55:22 0.06 48.54 2.03 65.55 47 0.57 0 0 0.57 
2017-03-24 19:55:27 0.06 48.54 2.03 65.55 47 0.57 0 0 0.57 
2017-03-24 19:55:32 0.06 49.43 2.03 65.55 47 0.57 0 0 0.57 
2017-03-24 19:55:37 0.06 50.45 2.03 65.55 47 0.57 0 0 0.57 
2017-03-24 19:55:42 5.64 32.16 2.03 65.55 48 0.58 0 0 0.58 
2017-03-24 19:55:47 5.64 33.79 2.03 65.55 48 0.58 0 0 0.58 
2017-03-24 19:55:52 5.64 36.13 2.03 65.55 48 0.58 0 0 0.58 
2017-03-24 19:55:57 5.64 37.69 2.03 65.55 48 0.58 0 0 0.58 
2017-03-24 19:56:02 5.64 37.69 2.03 65.55 48 0.58 0 0 0.58 
2017-03-24 19:56:07 5.64 38.14 2.03 65.55 48 0.58 0 0 0.58 
2017-03-24 19:56:12 5.64 38.14 2.03 65.55 48 0.58 0 0 0.58 
2017-03-24 19:56:17 5.64 38.14 2.03 65.55 48 0.58 0 0 0.58 
2017-03-24 19:56:22 5.64 38.45 2.03 65.55 48 0.58 0 0 0.58 
2017-03-24 19:56:27 5.64 38.45 2.03 65.55 48 0.58 0 0 0.58 
2017-03-24 19:56:32 5.64 38.45 2.03 65.55 48 0.58 0 0 0.58 
2017-03-24 19:56:37 5.64 41.43 2.03 65.55 48 0.58 0 0 0.58 
2017-03-24 19:56:42 5.64 41.43 2.03 65.55 48 0.58 0 0 0.58 
2017-03-24 19:56:47 5.64 41.43 2.03 65.55 48 0.58 0 0 0.58 
2017-03-24 19:56:52 5.64 41.43 2.03 65.55 48 0.58 0 0 0.58 
2017-03-24 19:56:57 5.64 41.84 2.03 65.55 48 0.58 0 0 0.58 
2017-03-24 19:57:02 5.64 42.54 2.03 65.55 48 0.58 0 0 0.58 
2017-03-24 19:57:07 5.64 42.54 2.03 65.55 48 0.58 0 0 0.58 
2017-03-24 19:57:12 5.64 42.54 2.03 65.55 48 0.58 0 0 0.58 
2017-03-24 19:57:17 5.64 42.54 2.03 65.55 48 0.58 0 0 0.58 
2017-03-24 19:57:22 5.64 42.54 2.03 65.55 48 0.58 0 0 0.58 
2017-03-24 19:57:27 5.64 42.54 2.03 65.55 48 0.58 0 0 0.58 
2017-03-24 19:57:32 5.64 42.54 2.03 65.55 48 0.58 0 0 0.58 
2017-03-24 19:57:37 5.64 43.15 2.03 65.55 48 0.58 0 0 0.58 
2017-03-24 19:57:42 5.64 43.15 2.03 65.55 48 0.58 0 0 0.58 
2017-03-24 19:57:47 5.64 43.15 2.03 65.55 48 0.58 0 0 0.58 
2017-03-24 19:57:52 5.64 43.15 2.03 65.55 48 0.58 0 0 0.58 
2017-03-24 19:57:57 5.64 46.78 2.03 65.55 48 0.58 0 0 0.58 
2017-03-24 19:58:24 100 99.05 0.42 64.05 1 0.1 0 0 0.1 
2017-03-24 19:58:29 79.04 4.25 1.85 64.06 2 0.32 0 0 0.32 
2017-03-24 19:58:34 79.04 6.11 1.85 64.06 2 0.32 0 0 0.32 
2017-03-24 19:58:39 79.04 6.11 1.85 64.06 2 0.32 0 0 0.32 
2017-03-24 19:58:44 79.04 6.29 1.85 64.06 2 0.32 0 0 0.32 
2017-03-24 19:58:49 79.04 8.35 1.85 64.06 2 0.32 0 0 0.32 
2017-03-24 19:58:54 79.04 8.35 1.85 64.06 2 0.32 0 0 0.32 
2017-03-24 19:58:59 79.04 19.11 1.85 64.97 2 0.32 0 0 0.32 
2017-03-24 19:59:04 79.04 28.34 1.85 65.02 2 0.32 0 0 0.32 
2017-03-24 19:59:09 79.04 28.34 1.85 65.02 2 0.32 0 0 0.32 
2017-03-24 19:59:14 79.04 32.61 1.85 65.33 2 0.32 0 0 0.32 
2017-03-24 19:59:19 79.04 40.61 1.85 65.42 2 0.32 0 0 0.32 
2017-03-24 19:59:24 79.04 41.73 1.85 65.42 2 0.32 0 0 0.32 
2017-03-24 19:59:29 79.04 42.07 1.85 65.42 2 0.32 0 0 0.32 
2017-03-24 19:59:34 79.04 42.07 1.85 65.42 2 0.32 0 0 0.32 
2017-03-24 19:59:39 79.04 42.07 1.85 65.42 2 0.32 0 0 0.32 
2017-03-24 19:59:44 79.04 42.07 1.85 65.42 2 0.32 0 0 0.32 
2017-03-24 19:59:49 79.04 42.07 1.85 65.42 2 0.32 0 0 0.32 
2017-03-24 19:59:54 79.04 42.07 1.85 65.42 2 0.32 0 0 0.32 
2017-03-24 19:59:59 79.04 42.07 1.85 65.42 2 0.32 0 0 0.32 
2017-03-24 20:00:04 79.04 42.07 1.85 65.42 2 0.32 0 0 0.32 
2017-03-24 20:00:09 79.04 42.07 1.85 65.42 2 0.32 0 0 0.32 
2017-03-24 20:00:14 79.04 42.07 1.85 65.42 2 0.32 0 0 0.32 
2017-03-24 20:00:19 79.04 44.07 1.85 65.42 2 0.32 0 0 0.32 
2017-03-24 20:00:24 79.04 46.06 1.85 65.42 2 0.32 0 0 0.32 
2017-03-24 20:00:29 79.04 46.25 1.85 65.42 2 0.32 0 0 0.32 
2017-03-24 20:00:34 79.04 46.25 1.85 65.42 2 0.32 0 0 0.32 
2017-03-24 20:00:39 79.04 47.27 1.85 65.42 2 0.32 0 0 0.32 
2017-03-24 20:00:44 79.04 53.71 1.85 65.42 2 0.32 0 0 0.32 
2017-03-24 20:00:58 100 97.27 0.42 64.05 1 0.09 0 0 0.09 
2017-03-24 20:01:03 100 100 0.42 64.05 1 0.09 0 0 0.09 
2017-03-24 20:01:08 82.97 2.04 1.85 64.24 2 0.3 0 0 0.3 
2017-03-24 20:01:13 82.97 26.71 1.85 65.31 2 0.3 0 0 0.3 
2017-03-24 20:01:18 82.97 28.4 1.85 65.31 2 0.3 0 0 0.3 
2017-03-24 20:01:23 82.97 29.62 1.85 65.31 2 0.3 0 0 0.3 
2017-03-24 20:01:28 82.97 29.62 1.85 65.31 2 0.3 0 0 0.3 
2017-03-24 20:01:33 82.97 29.8 1.85 65.31 2 0.3 0 0 0.3 
2017-03-24 20:01:38 82.97 34.29 1.85 65.31 2 0.3 0 0 0.3 
2017-03-24 20:01:58 100 97.05 0.42 64.05 1 0.1 0 0 0.1 
2017-03-24 20:02:03 79.13 20.22 1.85 64.67 2 0.3 0 0 0.3 
2017-03-24 20:02:08 79.13 28.4 1.85 65.36 2 0.3 0 0 0.3 
2017-03-24 20:02:13 79.13 41.9 1.85 65.66 2 0.3 0 0 0.3 
2017-03-24 20:02:18 79.13 45.5 1.85 65.78 2 0.3 0 0 0.3 
2017-03-24 20:02:23 79.13 55.06 1.85 65.96 2 0.3 0 0 0.3 
2017-03-24 20:02:28 79.13 66.13 1.85 66.4 2 0.3 0 0 0.3 
2017-03-24 20:02:33 79.13 68.23 1.85 66.48 2 0.3 0 0 0.3 
2017-03-24 20:02:38 79.13 68.23 1.85 66.48 2 0.3 0 0 0.3 
2017-03-24 20:02:43 79.13 68.23 1.85 66.48 2 0.3 0 0 0.3 
2017-03-24 20:02:48 79.13 68.23 1.85 66.48 2 0.3 0 0 0.3 
2017-03-24 20:02:53 79.13 76.23 1.85 66.55 2 0.3 0 0 0.3 
2017-03-24 20:02:58 79.13 77.32 1.85 66.55 2 0.3 0 0 0.3 
2017-03-24 20:03:03 79.13 77.72 1.85 66.55 2 0.3 0 0 0.3 
2017-03-24 20:03:08 79.13 77.72 1.85 66.55 2 0.3 0 0 0.3 
2017-03-24 20:03:13 79.13 81.59 1.85 66.65 2 0.3 0 0 0.3 
2017-03-24 20:03:18 79.13 90.44 1.85 66.87 2 0.3 0 0 0.3 
2017-03-24 20:03:23 79.13 95.52 1.85 67.09 2 0.3 0 0 0.3 
2017-03-24 20:03:28 79.13 95.72 1.85 67.09 2 0.3 0 0 0.3 
2017-03-24 20:03:33 79.13 95.72 1.85 67.09 2 0.3 0 0 0.3 
2017-03-24 20:03:38 79.13 95.72 1.85 67.09 2 0.3 0 0 0.3 
2017-03-24 20:03:43 79.13 96.46 1.85 67.09 2 0.3 0 0 0.3 
2017-03-24 20:03:48 66.84 8.56 1.85 67.12 3 0.32 0 0 0.32 
2017-03-24 20:03:53 66.84 13.54 1.85 67.12 3 0.32 0 0 0.32 
2017-03-24 20:03:58 66.84 15.14 1.85 67.12 3 0.32 0 0 0.32 
2017-03-24 20:04:03 66.84 15.24 1.85 67.12 3 0.32 0 0 0.32 
2017-03-24 20:04:08 66.84 15.24 1.85 67.12 3 0.32 0 0 0.32 
2017-03-24 20:04:13 66.84 15.24 1.85 67.12 3 0.32 0 0 0.32 
2017-03-24 20:04:18 66.84 15.95 1.85 67.17 3 0.32 0 0 0.32 
2017-03-24 20:04:23 66.84 21.33 1.85 67.18 3 0.32 0 0 0.32 
2017-03-24 20:04:28 66.84 28.4 1.85 67.2 3 0.32 0 0 0.32 
2017-03-24 20:04:33 66.84 33.68 1.85 67.23 3 0.32 0 0 0.32 
2017-03-24 20:04:38 66.84 38.57 1.85 67.59 3 0.32 0 0 0.32 
2017-03-24 20:04:43 66.84 42.25 1.85 67.64 3 0.32 0 0 0.32 
2017-03-24 20:04:48 66.84 42.36 1.85 67.64 3 0.32 0 0 0.32 
2017-03-24 20:04:53 66.84 47.94 1.85 67.66 3 0.32 0 0 0.32 
2017-03-24 20:04:58 65.14 32.07 1.98 67.66 4 0.35 0 0 0.35 
2017-03-24 20:05:03 65.14 32.66 1.98 67.66 4 0.35 0 0 0.35 
2017-03-24 20:05:08 65.14 33.1 1.98 67.66 4 0.35 0 0 0.35 
2017-03-24 20:05:13 65.14 33.1 1.98 67.66 4 0.35 0 0 0.35 
2017-03-24 20:05:18 65.14 33.1 1.98 67.66 4 0.35 0 0 0.35 
2017-03-24 20:05:23 65.14 33.56 1.98 67.66 4 0.35 0 0 0.35 
2017-03-24 20:05:28 65.14 33.56 1.98 67.66 4 0.35 0 0 0.35 
2017-03-24 20:05:33 65.14 33.56 1.98 67.66 4 0.35 0 0 0.35 
2017-03-24 20:05:38 65.14 33.56 1.98 67.66 4 0.35 0 0 0.35 
2017-03-24 20:05:43 65.14 33.56 1.98 67.66 4 0.35 0 0 0.35 
2017-03-24 20:05:48 65.14 33.56 1.98 67.66 4 0.35 0 0 0.35 
2017-03-24 20:05:53 65.14 40.71 1.98 67.66 4 0.35 0 0 0.35 
2017-03-24 20:11:29 79.1 5.21 1.86 64.11 2 0.3 0 0 0.3 
2017-03-24 20:11:34 79.1 7.96 1.86 64.11 2 0.3 0 0 0.3 
2017-03-24 20:11:39 79.1 28.18 1.86 64.7 2 0.3 0 0 0.3 
2017-03-24 20:11:44 79.1 32.76 1.86 64.89 2 0.3 0 0 0.3 
2017-03-24 20:11:49 79.1 34.76 1.86 64.89 2 0.3 0 0 0.3 
2017-03-24 20:11:54 79.1 37.07 1.86 64.89 2 0.3 0 0 0.3 
2017-03-24 20:11:59 79.1 37.32 1.86 64.89 2 0.3 0 0 0.3 
2017-03-24 20:12:04 79.1 37.32 1.86 64.89 2 0.3 0 0 0.3 
2017-03-24 20:12:09 79.1 37.32 1.86 64.89 2 0.3 0 0 0.3 
2017-03-24 20:12:14 79.1 37.32 1.86 64.89 2 0.3 0 0 0.3 
2017-03-24 20:12:19 79.1 37.32 1.86 64.89 2 0.3 0 0 0.3 
2017-03-24 20:12:24 79.1 45.32 1.86 64.98 2 0.3 0 0 0.3 
2017-03-24 20:12:29 79.1 46.71 1.86 64.98 2 0.3 0 0 0.3 
2017-03-24 20:12:34 79.1 48.71 1.86 64.98 2 0.3 0 0 0.3 
2017-03-24 20:12:39 79.1 48.71 1.86 64.98 2 0.3 0 0 0.3 
2017-03-24 20:12:44 79.1 48.71 1.86 64.98 2 0.3 0 0 0.3 
2017-03-24 20:12:49 79.1 48.71 1.86 64.98 2 0.3 0 0 0.3 
2017-03-24 20:12:54 79.1 48.71 1.86 64.98 2 0.3 0 0 0.3 
2017-03-24 20:12:59 79.1 48.71 1.86 64.98 2 0.3 0 0 0.3 
2017-03-24 20:13:04 79.1 48.71 1.86 64.98 2 0.3 0 0 0.3 
2017-03-24 20:13:09 79.1 48.71 1.86 64.98 2 0.3 0 0 0.3 
2017-03-24 20:13:14 79.1 48.71 1.86 64.98 2 0.3 0 0 0.3 
2017-03-24 20:13:19 79.1 48.71 1.86 64.98 2 0.3 0 0 0.3 
2017-03-24 20:13:24 79.1 48.71 1.86 64.98 2 0.3 0 0 0.3 
2017-03-24 20:13:29 79.1 48.71 1.86 64.98 2 0.3 0 0 0.3 
2017-03-24 20:13:34 79.1 48.96 1.86 64.98 2 0.3 0 0 0.3 
2017-03-24 20:13:39 79.1 52.19 1.86 65 2 0.3 0 0 0.3 
2017-03-24 20:13:44 79.1 52.19 1.86 65 2 0.3 0 0 0.3 
2017-03-24 20:13:49 79.1 66.89 1.86 65.82 2 0.3 0 0 0.3 
2017-03-24 20:13:54 79.1 77.09 1.86 66.54 2 0.3 0 0 0.3 
2017-03-24 20:13:59 79.1 83.39 1.86 66.66 2 0.3 0 0 0.3 
2017-03-24 20:14:04 79.1 83.39 1.86 66.66 2 0.3 0 0 0.3 
2017-03-24 20:14:09 79.1 85.39 1.86 66.71 2 0.3 0 0 0.3 
2017-03-24 20:14:14 79.1 87.91 1.86 66.87 2 0.3 0 0 0.3 
2017-03-24 20:14:19 79.1 89.69 1.86 66.88 2 0.3 0 0 0.3 
2017-03-24 20:14:24 79.1 100 1.86 66.94 2 0.3 0 0 0.3 
2017-03-24 20:14:29 0.13 65.21 2.53 66.98 65 0.73 0 0 0.73 
2017-03-24 20:14:34 0.13 38.79 2.56 67.33 145 1.14 0 0 1.14 
2017-03-24 20:14:39 0.18 77.19 2.56 67.33 201 1.24 0 0 1.24 
2017-03-24 20:14:44 0.18 77.35 2.56 67.33 201 1.24 0 0 1.24 
2017-03-24 20:14:49 0.18 77.4 2.56 67.33 201 1.24 0 0 1.24 
2017-03-24 20:14:54 0.18 78.14 2.56 67.33 201 1.24 0 0 1.24 
2017-03-24 20:14:59 0.18 78.64 2.56 67.33 201 1.24 0 0 1.24 
2017-03-24 20:15:04 0.18 78.64 2.56 67.33 201 1.24 0 0 1.24 
2017-03-24 20:15:09 0.18 78.7 2.56 67.33 201 1.24 0 0 1.24 
2017-03-24 20:15:14 0.18 79.51 2.56 67.33 201 1.24 0 0 1.24 
2017-03-24 20:15:19 0.18 79.57 2.56 67.33 201 1.24 0 0 1.24 
2017-03-24 20:15:24 0.18 84.05 2.56 67.33 201 1.24 0 0 1.24 
2017-03-24 20:15:29 0.18 84.53 2.56 67.33 201 1.24 0 0 1.24 
2017-03-24 20:15:34 0.18 85.15 2.56 67.33 201 1.24 0 0 1.24 
2017-03-24 20:15:39 0.18 85.2 2.56 67.33 201 1.24 0 0 1.24 
2017-03-24 20:15:44 0.18 85.26 2.56 67.33 201 1.24 0 0 1.24 
2017-03-24 20:15:49 0.18 85.32 2.56 67.33 201 1.24 0 0 1.24 
2017-03-24 20:15:54 0.18 85.32 2.56 67.33 201 1.24 0 0 1.24 
2017-03-24 20:15:59 0.18 85.37 2.56 67.33 201 1.24 0 0 1.24 
2017-03-24 20:16:04 0.18 85.37 2.56 67.33 201 1.24 0 0 1.24 
2017-03-24 20:16:09 0.18 85.43 2.56 67.33 201 1.24 0 0 1.24 
2017-03-24 20:16:14 0.18 85.49 2.56 67.33 201 1.24 0 0 1.24 
2017-03-24 20:16:19 0.18 85.54 2.56 67.33 201 1.24 0 0 1.24 
2017-03-24 20:16:24 0.18 86.86 2.56 67.33 201 1.24 0 0 1.24 
2017-03-24 20:16:29 0.18 86.91 2.56 67.33 201 1.24 0 0 1.24 
2017-03-24 20:16:34 0.18 86.97 2.56 67.33 201 1.24 0 0 1.24 
2017-03-24 20:16:39 0.18 87.03 2.56 67.33 201 1.24 0 0 1.24 
2017-03-24 20:16:44 0.18 87.03 2.56 67.33 201 1.24 0 0 1.24 
2017-03-24 20:16:49 0.18 87.08 2.56 67.33 201 1.24 0 0 1.24 
2017-03-24 20:16:54 0.18 87.08 2.56 67.33 201 1.24 0 0 1.24 
2017-03-24 20:16:59 0.18 87.14 2.56 67.33 201 1.24 0 0 1.24 
2017-03-24 20:17:04 0.18 87.2 2.56 67.33 201 1.24 0 0 1.24 
2017-03-24 20:17:09 0.18 87.25 2.56 67.33 201 1.24 0 0 1.24 
2017-03-24 20:17:14 0.18 87.25 2.56 67.33 201 1.24 0 0 1.24 
2017-03-24 20:17:19 0.18 87.31 2.56 67.33 201 1.24 0 0 1.24 
2017-03-24 20:17:24 0.18 88.68 2.56 67.33 201 1.24 0 0 1.24 
2017-03-24 20:17:29 0.18 88.74 2.56 67.33 201 1.24 0 0 1.24 
2017-03-24 20:17:34 0.18 88.74 2.56 67.33 201 1.24 0 0 1.24 
2017-03-24 20:17:39 1.28 67.84 2.56 67.33 204 1.24 0 0 1.24 
2017-03-24 20:17:44 1.28 68.2 2.56 67.33 204 1.24 0 0 1.24 
2017-03-24 20:17:49 1.28 68.45 2.56 67.33 204 1.24 0 0 1.24 
2017-03-24 20:17:54 1.28 68.95 2.56 67.33 204 1.24 0 0 1.24 
2017-03-24 20:17:59 1.28 68.99 2.56 67.33 204 1.24 0 0 1.24 
2017-03-24 20:18:04 1.28 69.33 2.56 67.33 204 1.24 0 0 1.24 
2017-03-24 20:18:09 1.28 69.38 2.56 67.33 204 1.24 0 0 1.24 
2017-03-24 20:18:14 1.28 69.38 2.56 67.33 204 1.24 0 0 1.24 
2017-03-24 20:18:19 1.28 69.43 2.56 67.33 204 1.24 0 0 1.24 
2017-03-24 20:18:24 1.28 72.35 2.56 67.33 204 1.24 0 0 1.24 
2017-03-24 20:18:29 1.28 72.47 2.56 67.33 204 1.24 0 0 1.24 
2017-03-24 20:18:34 1.28 72.84 2.56 67.33 204 1.24 0 0 1.24 
2017-03-24 20:18:39 1.28 72.88 2.56 67.33 204 1.24 0 0 1.24 
2017-03-24 20:18:44 1.28 72.88 2.56 67.33 204 1.24 0 0 1.24 
2017-03-24 20:18:49 1.28 72.93 2.56 67.33 204 1.24 0 0 1.24 
2017-03-24 20:18:54 1.28 73.18 2.56 67.33 204 1.24 0 0 1.24 
2017-03-24 20:18:59 1.28 73.23 2.56 67.33 204 1.24 0 0 1.24 
2017-03-24 20:19:04 1.28 73.28 2.56 67.33 204 1.24 0 0 1.24 
2017-03-24 20:19:09 1.28 73.32 2.56 67.33 204 1.24 0 0 1.24 
2017-03-24 20:19:14 1.28 73.32 2.56 67.33 204 1.24 0 0 1.24 
2017-03-24 20:19:19 1.28 73.37 2.56 67.33 204 1.24 0 0 1.24 
2017-03-24 20:19:24 1.28 73.62 2.56 67.33 204 1.24 0 0 1.24 
2017-03-24 20:19:29 1.28 73.67 2.56 67.33 204 1.24 0 0 1.24 
2017-03-24 20:19:34 1.28 73.71 2.56 67.33 204 1.24 0 0 1.24 
2017-03-24 20:19:39 1.28 73.76 2.56 67.33 204 1.24 0 0 1.24 
2017-03-24 20:19:44 1.28 73.76 2.56 67.33 204 1.24 0 0 1.24 
2017-03-24 20:19:49 1.28 73.81 2.56 67.33 204 1.24 0 0 1.24 
2017-03-24 20:19:54 1.28 74.06 2.56 67.33 204 1.24 0 0 1.24 
2017-03-24 20:19:59 1.28 74.11 2.56 67.33 204 1.24 0 0 1.24 
2017-03-24 20:20:04 1.28 74.15 2.56 67.33 204 1.24 0 0 1.24 
2017-03-24 20:20:09 1.28 74.2 2.56 67.33 204 1.24 0 0 1.24 
2017-03-24 20:20:14 1.28 74.2 2.56 67.33 204 1.24 0 0 1.24 
2017-03-24 20:20:19 1.28 74.25 2.56 67.33 204 1.24 0 0 1.24 
2017-03-24 20:20:24 1.28 74.97 2.56 67.33 204 1.24 0 0 1.24 
2017-03-24 20:20:29 1.28 75.01 2.56 67.33 204 1.24 0 0 1.24 
2017-03-24 20:20:34 1.28 75.1 2.56 67.33 204 1.24 0 0 1.24 
2017-03-24 20:20:39 1.2 57.74 2.56 67.33 207 1.25 0 0 1.25 
2017-03-24 20:20:44 1.2 58.04 2.56 67.33 207 1.25 0 0 1.25 
2017-03-24 20:20:49 1.2 58.26 2.56 67.33 207 1.25 0 0 1.25 
2017-03-24 20:20:54 1.2 58.72 2.56 67.33 207 1.25 0 0 1.25 
2017-03-24 20:20:59 1.2 58.78 2.56 67.33 207 1.25 0 0 1.25 
2017-03-24 20:21:04 1.2 58.81 2.56 67.33 207 1.25 0 0 1.25 
2017-03-24 20:21:09 1.2 58.87 2.56 67.33 207 1.25 0 0 1.25 
2017-03-24 20:21:14 1.2 58.9 2.56 67.33 207 1.25 0 0 1.25 
2017-03-24 20:21:19 1.2 58.93 2.56 67.33 207 1.25 0 0 1.25 
2017-03-24 20:21:24 1.2 63.94 2.56 67.33 207 1.25 0 0 1.25 
2017-03-24 20:21:29 1.2 64.04 2.56 67.33 207 1.25 0 0 1.25 
2017-03-24 20:21:34 1.2 64.28 2.56 67.33 207 1.25 0 0 1.25 
2017-03-24 20:21:39 1.2 64.34 2.56 67.33 207 1.25 0 0 1.25 
2017-03-24 20:21:44 1.2 64.36 2.56 67.34 207 1.25 0 0 1.25 
2017-03-24 20:21:49 1.2 64.42 2.56 67.34 207 1.25 0 0 1.25 
2017-03-24 20:21:54 1.2 64.59 2.56 67.34 207 1.25 0 0 1.25 
2017-03-24 20:21:59 1.2 64.62 2.56 67.34 207 1.25 0 0 1.25 
2017-03-24 20:22:04 1.2 64.65 2.56 67.34 207 1.25 0 0 1.25 
2017-03-24 20:22:09 1.2 64.71 2.56 67.34 207 1.25 0 0 1.25 
2017-03-24 20:22:14 1.2 64.74 2.56 67.34 207 1.25 0 0 1.25 
2017-03-24 20:22:19 1.2 64.79 2.56 67.34 207 1.25 0 0 1.25 
2017-03-24 20:22:24 1.2 64.96 2.56 67.34 207 1.25 0 0 1.25 
2017-03-24 20:22:29 1.2 65.02 2.56 67.34 207 1.25 0 0 1.25 
2017-03-24 20:22:34 1.2 65.05 2.56 67.34 207 1.25 0 0 1.25 
2017-03-24 20:22:39 1.2 65.07 2.56 67.34 207 1.25 0 0 1.25 
2017-03-24 20:22:44 1.2 65.1 2.56 67.34 207 1.25 0 0 1.25 
2017-03-24 20:22:49 1.2 65.16 2.56 67.34 207 1.25 0 0 1.25 
2017-03-24 20:22:54 1.2 68.82 2.56 67.34 207 1.25 0 0 1.25 
2017-03-24 23:00:22 4.52 55.08 1.96 63.96 44 0.41 0 0 0.41 
2017-03-24 23:00:27 0.47 29.97 2.01 63.99 48 0.43 0 0 0.43 
2017-03-24 23:00:32 0.47 30.64 2.01 63.99 48 0.43 0 0 0.43 
2017-03-24 23:00:37 0.47 30.64 2.01 63.99 48 0.43 0 0 0.43 
2017-03-24 23:00:42 0.47 31.64 2.01 63.99 48 0.43 0 0 0.43 
2017-03-24 23:00:47 0.47 33.7 2.01 63.99 48 0.43 0 0 0.43 
2017-03-24 23:00:52 0.47 33.7 2.01 63.99 48 0.43 0 0 0.43 
2017-03-24 23:00:57 0.47 33.7 2.01 63.99 48 0.43 0 0 0.43 
2017-03-24 23:01:02 0.47 33.7 2.01 63.99 48 0.43 0 0 0.43 
2017-03-24 23:01:07 0.47 33.7 2.01 63.99 48 0.43 0 0 0.43 
2017-03-24 23:01:12 0.47 48.41 2.01 64.59 48 0.43 0 0 0.43 
2017-03-24 23:01:17 0.47 61.08 2.01 64.69 48 0.43 0 0 0.43 
2017-03-24 23:01:22 0.47 61.08 2.01 64.69 48 0.43 0 0 0.43 
2017-03-24 23:01:27 0.47 65.84 2.01 64.69 48 0.43 0 0 0.43 
2017-03-24 23:05:58 4.26 39.74 1.96 63.95 42 0.59 0 0 0.59 
2017-03-24 23:06:03 0.06 25.94 2.01 63.97 48 0.65 0 0 0.65 
2017-03-24 23:06:08 0.06 43.21 2.01 64.61 48 0.65 0 0 0.65 
2017-03-24 23:06:13 0.06 45.21 2.01 64.61 48 0.65 0 0 0.65 
2017-03-24 23:06:18 0.06 46.23 2.01 64.61 48 0.65 0 0 0.65 
2017-03-24 23:06:23 0.06 47.27 2.01 64.61 48 0.65 0 0 0.65 
2017-03-24 23:06:28 0.06 60.27 2.01 64.82 48 0.65 0 0 0.65 
2017-03-24 23:06:33 0.06 60.27 2.01 64.82 48 0.65 0 0 0.65 
2017-03-24 23:06:38 0.06 60.27 2.01 64.82 48 0.65 0 0 0.65 
2017-03-24 23:06:43 0.06 60.27 2.01 64.82 48 0.65 0 0 0.65 
2017-03-24 23:06:48 0.06 60.27 2.01 64.82 48 0.65 0 0 0.65 
2017-03-24 23:06:53 0.06 68.27 2.01 64.9 48 0.65 0 0 0.65 
2017-03-24 23:06:58 0.06 68.27 2.01 64.9 48 0.65 0 0 0.65 
2017-03-24 23:07:03 0.06 72.27 2.01 64.9 48 0.65 0 0 0.65 
2017-03-24 23:07:08 0.06 72.27 2.01 64.9 48 0.65 0 0 0.65 
2017-03-24 23:07:13 0.06 72.27 2.01 64.9 48 0.65 0 0 0.65 
2017-03-24 23:07:18 0.06 72.27 2.01 64.9 48 0.65 0 0 0.65 
2017-03-24 23:07:23 0.06 72.27 2.01 64.9 48 0.65 0 0 0.65 
2017-03-24 23:07:28 0.06 72.94 2.01 64.9 48 0.65 0 0 0.65 
2017-03-24 23:07:33 0.06 72.94 2.01 64.9 48 0.65 0 0 0.65 
2017-03-24 23:07:38 0.06 72.94 2.01 64.9 48 0.65 0 0 0.65 
2017-03-24 23:07:43 0.06 79.05 2.01 64.91 48 0.65 0 0 0.65 
2017-03-24 23:07:56 4.07 92.29 1.94 63.92 45 0.39 0 0 0.39 
2017-03-24 23:08:01 4.07 96.87 1.94 63.92 45 0.39 0 0 0.39 
2017-03-24 23:08:06 4.07 97.54 1.94 63.92 45 0.39 0 0 0.39 
2017-03-24 23:08:11 4.07 97.54 1.94 63.92 45 0.39 0 0 0.39 
2017-03-24 23:08:16 4.07 98.56 1.94 63.92 45 0.39 0 0 0.39 
2017-03-24 23:08:21 5.81 13.04 1.94 64.51 46 0.4 0 0 0.4 
2017-03-24 23:08:26 5.81 23.92 1.94 64.73 46 0.4 0 0 0.4 
2017-03-24 23:08:31 5.81 24.12 1.94 64.73 46 0.4 0 0 0.4 
2017-03-24 23:08:36 5.81 24.12 1.94 64.74 46 0.4 0 0 0.4 
2017-03-24 23:08:41 5.81 25.14 1.94 64.74 46 0.4 0 0 0.4 
2017-03-24 23:08:46 5.81 25.81 1.94 64.74 46 0.4 0 0 0.4 
2017-03-24 23:08:51 5.81 33.81 1.94 64.82 46 0.4 0 0 0.4 
2017-03-24 23:08:56 5.81 33.81 1.94 64.82 46 0.4 0 0 0.4 
2017-03-24 23:09:01 5.81 36.3 1.94 64.82 46 0.4 0 0 0.4 
2017-03-24 23:09:06 5.81 36.3 1.94 64.82 46 0.4 0 0 0.4 
2017-03-24 23:09:11 5.81 36.3 1.94 64.82 46 0.4 0 0 0.4 
2017-03-24 23:09:16 5.81 36.74 1.94 64.82 46 0.4 0 0 0.4 
2017-03-24 23:09:21 5.81 37.18 1.94 64.83 46 0.4 0 0 0.4 
2017-03-24 23:09:26 5.81 37.18 1.94 64.83 46 0.4 0 0 0.4 
2017-03-24 23:09:31 5.81 37.18 1.94 64.83 46 0.4 0 0 0.4 
2017-03-24 23:09:36 5.81 37.18 1.94 64.83 46 0.4 0 0 0.4 
2017-03-24 23:09:41 5.81 37.18 1.94 64.83 46 0.4 0 0 0.4 
2017-03-24 23:09:46 5.81 37.18 1.94 64.83 46 0.4 0 0 0.4 
2017-03-24 23:09:51 5.81 37.18 1.94 64.83 46 0.4 0 0 0.4 
2017-03-24 23:09:56 5.81 39.18 1.94 64.83 46 0.4 0 0 0.4 
2017-03-24 23:10:01 5.81 39.18 1.94 64.83 46 0.4 0 0 0.4 
2017-03-24 23:10:06 5.81 39.18 1.94 64.83 46 0.4 0 0 0.4 
2017-03-24 23:10:11 5.81 39.63 1.94 64.83 46 0.4 0 0 0.4 
2017-03-24 23:10:16 5.81 39.63 1.94 64.83 46 0.4 0 0 0.4 
2017-03-24 23:10:21 5.81 39.63 1.94 64.83 46 0.4 0 0 0.4 
2017-03-24 23:10:26 5.81 44.26 1.94 64.83 46 0.4 0 0 0.4 
2017-03-24 23:10:48 0.06 96.12 1.96 63.98 45 0.41 0 0 0.41 
2017-03-24 23:10:53 4.57 6.69 1.96 63.98 46 0.41 0 0 0.41 
2017-03-24 23:10:58 4.57 7.36 1.96 63.98 46 0.41 0 0 0.41 
2017-03-24 23:11:03 4.57 19.89 1.96 64.6 46 0.41 0 0 0.41 
2017-03-24 23:11:08 4.57 25.93 1.96 64.6 46 0.41 0 0 0.41 
2017-03-24 23:11:13 4.57 27.28 1.96 64.6 46 0.41 0 0 0.41 
2017-03-24 23:11:18 4.57 31.03 1.96 64.6 46 0.41 0 0 0.41 
2017-03-24 23:11:23 4.57 31.03 1.96 64.6 46 0.41 0 0 0.41 
2017-03-24 23:11:28 4.57 31.32 1.96 64.6 46 0.41 0 0 0.41 
2017-03-24 23:11:33 4.57 31.32 1.96 64.6 46 0.41 0 0 0.41 
2017-03-24 23:11:38 4.57 31.32 1.96 64.6 46 0.41 0 0 0.41 
2017-03-24 23:11:43 4.57 39.6 1.96 64.69 46 0.41 0 0 0.41 
2017-03-24 23:11:48 4.57 39.89 1.96 64.69 46 0.41 0 0 0.41 
2017-03-24 23:11:53 4.57 41.9 1.96 64.69 46 0.41 0 0 0.41 
2017-03-24 23:11:58 4.57 41.9 1.96 64.69 46 0.41 0 0 0.41 
2017-03-24 23:12:03 4.57 41.9 1.96 64.69 46 0.41 0 0 0.41 
2017-03-24 23:12:08 4.57 41.9 1.96 64.69 46 0.41 0 0 0.41 
2017-03-24 23:12:13 4.57 41.9 1.96 64.69 46 0.41 0 0 0.41 
2017-03-24 23:12:18 4.57 42.58 1.96 64.69 46 0.41 0 0 0.41 
2017-03-24 23:12:23 4.57 42.58 1.96 64.69 46 0.41 0 0 0.41 
2017-03-24 23:12:28 4.57 42.58 1.96 64.69 46 0.41 0 0 0.41 
2017-03-24 23:12:33 4.57 42.58 1.96 64.69 46 0.41 0 0 0.41 
2017-03-24 23:12:38 4.57 42.58 1.96 64.69 46 0.41 0 0 0.41 
2017-03-24 23:12:43 4.57 42.58 1.96 64.69 46 0.41 0 0 0.41 
2017-03-24 23:12:48 4.57 42.58 1.96 64.69 46 0.41 0 0 0.41 
2017-03-24 23:12:53 4.57 42.58 1.96 64.69 46 0.41 0 0 0.41 
2017-03-24 23:12:58 4.57 42.58 1.96 64.69 46 0.41 0 0 0.41 
2017-03-24 23:13:03 4.57 42.58 1.96 64.69 46 0.41 0 0 0.41 
2017-03-24 23:13:08 4.57 42.58 1.96 64.69 46 0.41 0 0 0.41 
2017-03-24 23:13:13 4.57 43.25 1.96 64.7 46 0.41 0 0 0.41 
2017-03-24 23:13:18 4.57 43.25 1.96 64.7 46 0.41 0 0 0.41 
2017-03-24 23:13:23 4.57 43.25 1.96 64.7 46 0.41 0 0 0.41 
2017-03-24 23:13:28 4.57 48.95 1.96 64.7 46 0.41 0 0 0.41 
2017-03-24 23:13:38 3.99 80.38 1.97 63.94 40 0.54 0 0 0.54 
2017-03-24 23:13:43 0.06 49.82 2.01 63.97 46 0.55 0 0 0.55 
2017-03-24 23:13:48 0.06 50.49 2.01 63.97 46 0.55 0 0 0.55 
2017-03-24 23:13:53 0.06 66.25 2.01 64.58 46 0.55 0 0 0.55 
2017-03-24 23:13:58 0.06 67.27 2.01 64.58 46 0.55 0 0 0.55 
2017-03-24 23:14:03 0.06 68.31 2.01 64.58 46 0.55 0 0 0.55 
2017-03-24 23:14:08 0.06 69.31 2.01 64.58 46 0.55 0 0 0.55 
2017-03-24 23:14:23 0.12 57.61 1.95 63.98 46 0.34 0 0 0.34 
2017-03-24 23:14:28 0.12 63.05 1.95 63.98 46 0.34 0 0 0.34 
2017-03-24 23:14:33 0.12 77.89 1.95 64.61 46 0.34 0 0 0.34 
2017-03-24 23:14:38 0.12 77.89 1.95 64.61 46 0.34 0 0 0.34 
2017-03-24 23:14:43 0.12 77.89 1.95 64.61 46 0.34 0 0 0.34 
2017-03-24 23:14:48 0.12 93.95 1.95 64.68 46 0.34 0 0 0.34 
2017-03-24 23:14:53 0.12 93.95 1.95 64.69 46 0.34 0 0 0.34 
2017-03-24 23:14:58 0.12 93.95 1.95 64.69 46 0.34 0 0 0.34 
2017-03-24 23:15:03 0.12 94.95 1.95 64.71 46 0.34 0 0 0.34 
2017-03-24 23:15:08 0.12 97.95 1.95 64.71 46 0.34 0 0 0.34 
2017-03-24 23:15:13 0.12 97.95 1.95 64.71 46 0.34 0 0 0.34 
2017-03-24 23:15:18 33.3 8.04 1.95 64.8 47 0.36 0 0 0.36 
2017-03-24 23:15:23 33.3 11.1 1.95 64.8 47 0.36 0 0 0.36 
2017-03-24 23:15:28 33.3 13.62 1.95 64.8 47 0.36 0 0 0.36 
2017-03-24 23:15:33 33.3 18.46 1.95 64.8 47 0.36 0 0 0.36 
2017-03-24 23:15:38 33.3 19.13 1.95 64.8 47 0.36 0 0 0.36 
2017-03-24 23:15:43 33.3 19.13 1.95 64.8 47 0.36 0 0 0.36 
2017-03-24 23:15:48 33.3 19.82 1.95 64.8 47 0.36 0 0 0.36 
2017-03-24 23:15:53 33.3 19.82 1.95 64.8 47 0.36 0 0 0.36 
2017-03-24 23:15:58 33.3 21.64 1.95 64.8 47 0.36 0 0 0.36 
2017-03-24 23:16:03 33.3 21.64 1.95 64.8 47 0.36 0 0 0.36 
2017-03-24 23:16:08 33.3 21.64 1.95 64.8 47 0.36 0 0 0.36 
2017-03-24 23:16:13 33.3 24.71 1.95 64.8 47 0.36 0 0 0.36 
2017-03-24 23:16:18 33.3 25.73 1.95 64.8 47 0.36 0 0 0.36 
2017-03-24 23:16:23 33.3 25.73 1.95 64.8 47 0.36 0 0 0.36 
2017-03-24 23:16:28 33.3 25.73 1.95 64.8 47 0.36 0 0 0.36 
2017-03-24 23:16:33 33.3 28.09 1.95 64.8 47 0.36 0 0 0.36 
2017-03-24 23:16:38 33.3 28.09 1.95 64.8 47 0.36 0 0 0.36 
2017-03-24 23:16:43 33.3 28.09 1.95 64.8 47 0.36 0 0 0.36 
2017-03-24 23:16:48 33.3 34.12 1.95 64.81 47 0.36 0 0 0.36 
2017-03-24 23:17:12 0.82 16.04 1.94 63.77 43 0.52 0 0 0.52 
2017-03-24 23:17:17 1.02 4.48 1.99 63.91 48 0.53 0 0 0.53 
2017-03-24 23:17:22 1.02 6.03 1.99 63.91 48 0.53 0 0 0.53 
2017-03-24 23:17:27 1.02 6.03 1.99 63.91 48 0.53 0 0 0.53 
2017-03-24 23:17:32 1.02 7.49 1.99 63.91 48 0.53 0 0 0.53 
2017-03-24 23:17:37 1.02 8.53 1.99 63.91 48 0.53 0 0 0.53 
2017-03-24 23:17:42 1.02 9.03 1.99 63.91 48 0.53 0 0 0.53 
2017-03-24 23:17:47 1.02 9.03 1.99 63.91 48 0.53 0 0 0.53 
2017-03-24 23:17:52 1.02 9.03 1.99 63.91 48 0.53 0 0 0.53 
2017-03-24 23:17:57 1.02 9.03 1.99 63.91 48 0.53 0 0 0.53 
2017-03-24 23:18:02 1.02 9.03 1.99 63.91 48 0.53 0 0 0.53 
2017-03-24 23:18:07 1.02 17.03 1.99 64.01 48 0.53 0 0 0.53 
2017-03-24 23:18:12 1.02 21.95 1.99 64.01 48 0.53 0 0 0.53 
2017-03-24 23:18:30 0.07 88.92 1.95 63.98 46 0.49 0 0 0.49 
2017-03-24 23:18:35 4.51 5.91 1.95 63.99 47 0.5 0 0 0.5 
2017-03-24 23:18:40 4.51 18.14 1.95 64.6 47 0.5 0 0 0.5 
2017-03-24 23:18:45 4.51 29.05 1.95 64.67 47 0.5 0 0 0.5 
2017-03-24 23:18:50 4.51 30.32 1.95 64.67 47 0.5 0 0 0.5 
2017-03-24 23:18:55 4.51 32.7 1.95 64.86 47 0.5 0 0 0.5 
2017-03-24 23:19:00 4.51 32.7 1.95 64.86 47 0.5 0 0 0.5 
2017-03-24 23:19:05 4.51 32.7 1.95 64.86 47 0.5 0 0 0.5 
2017-03-24 23:19:10 4.51 32.7 1.95 64.86 47 0.5 0 0 0.5 
2017-03-24 23:19:15 4.51 34.74 1.95 65.02 47 0.5 0 0 0.5 
2017-03-24 23:19:20 4.51 62.75 1.95 66.05 47 0.5 0 0 0.5 
2017-03-24 23:19:25 4.51 72.1 1.95 66.19 47 0.5 0 0 0.5 
2017-03-24 23:19:30 4.51 77.07 1.95 66.57 47 0.5 0 0 0.5 
2017-03-24 23:19:35 4.51 81.12 1.95 66.58 47 0.5 0 0 0.5 
2017-03-24 23:19:40 4.51 81.12 1.95 66.58 47 0.5 0 0 0.5 
2017-03-24 23:19:45 4.51 83.37 1.95 66.6 47 0.5 0 0 0.5 
2017-03-24 23:19:50 4.51 83.62 1.95 66.6 47 0.5 0 0 0.5 
2017-03-24 23:19:55 4.51 83.62 1.95 66.6 47 0.5 0 0 0.5 
2017-03-24 23:20:00 4.51 83.87 1.95 66.6 47 0.5 0 0 0.5 
2017-03-24 23:20:05 4.51 83.87 1.95 66.6 47 0.5 0 0 0.5 
2017-03-24 23:20:10 4.51 83.87 1.95 66.6 47 0.5 0 0 0.5 
2017-03-24 23:20:15 4.51 83.87 1.95 66.6 47 0.5 0 0 0.5 
2017-03-24 23:20:20 4.51 83.87 1.95 66.6 47 0.5 0 0 0.5 
2017-03-24 23:20:25 4.51 84.32 1.95 66.6 47 0.5 0 0 0.5 
2017-03-24 23:20:30 4.51 87.67 1.95 66.63 47 0.5 0 0 0.5 
2017-03-24 23:20:35 4.51 99.73 1.95 67.01 47 0.5 0 0 0.5 
2017-03-24 23:20:40 73.23 14.89 1.95 67.05 48 0.55 0 0 0.55 
2017-03-24 23:21:14 12.58 7.15 1.88 64.01 4 0.3 0 0 0.3 
2017-03-24 23:21:19 12.58 9.03 1.88 64.01 4 0.3 0 0 0.3 
2017-03-24 23:21:24 12.58 23.48 1.88 64.61 4 0.3 0 0 0.3 
2017-03-24 23:21:29 12.58 23.76 1.88 64.61 4 0.3 0 0 0.3 
2017-03-24 23:21:34 12.58 28.17 1.88 64.63 4 0.3 0 0 0.3 
2017-03-24 23:21:39 12.58 29.21 1.88 64.64 4 0.3 0 0 0.3 
2017-03-24 23:21:44 12.58 29.21 1.88 64.64 4 0.3 0 0 0.3 
2017-03-24 23:21:49 12.58 29.21 1.88 64.64 4 0.3 0 0 0.3 
2017-03-24 23:21:54 12.58 29.21 1.88 64.64 4 0.3 0 0 0.3 
2017-03-24 23:21:59 12.58 29.21 1.88 64.64 4 0.3 0 0 0.3 
2017-03-24 23:22:04 12.58 29.21 1.88 64.64 4 0.3 0 0 0.3 
2017-03-24 23:22:09 12.58 37.21 1.88 64.73 4 0.3 0 0 0.3 
2017-03-24 23:22:14 12.58 37.74 1.88 64.73 4 0.3 0 0 0.3 
2017-03-24 23:22:19 12.58 37.74 1.88 64.73 4 0.3 0 0 0.3 
2017-03-24 23:22:24 12.58 37.74 1.88 64.73 4 0.3 0 0 0.3 
2017-03-24 23:22:29 12.58 37.74 1.88 64.73 4 0.3 0 0 0.3 
2017-03-24 23:22:34 12.58 40.28 1.88 64.73 4 0.3 0 0 0.3 
2017-03-24 23:22:47 3.77 33.79 1.94 63.92 45 0.37 0 0 0.37 
2017-03-24 23:22:52 3.77 38.46 1.94 63.92 45 0.37 0 0 0.37 
2017-03-24 23:22:57 3.77 40.47 1.94 63.92 45 0.37 0 0 0.37 
2017-03-24 23:23:02 3.77 40.47 1.94 63.92 45 0.37 0 0 0.37 
2017-03-24 23:23:07 3.77 42.15 1.94 63.92 45 0.37 0 0 0.37 
2017-03-24 23:23:12 3.77 43.19 1.94 63.92 45 0.37 0 0 0.37 
2017-03-24 23:23:17 3.77 43.19 1.94 63.92 45 0.37 0 0 0.37 
2017-03-24 23:23:22 3.77 46.56 1.94 64 45 0.37 0 0 0.37 
2017-03-24 23:23:27 3.77 47.89 1.94 64 45 0.37 0 0 0.37 
2017-03-24 23:23:32 3.77 47.89 1.94 64 45 0.37 0 0 0.37 
2017-03-24 23:23:37 3.77 48.56 1.94 64 45 0.37 0 0 0.37 
2017-03-24 23:23:42 3.77 64.62 1.94 64.63 45 0.37 0 0 0.37 
2017-03-24 23:23:47 3.77 89.62 1.94 65.72 45 0.37 0 0 0.37 
2017-03-24 23:23:52 38.1 16.81 1.99 66.27 46 0.43 0 0 0.43 
2017-03-24 23:23:57 38.1 27.23 1.99 66.59 46 0.43 0 0 0.43 
2017-03-24 23:24:02 38.1 33.36 1.99 66.97 46 0.43 0 0 0.43 
2017-03-24 23:24:07 38.1 35.88 1.99 67.05 46 0.43 0 0 0.43 
2017-03-24 23:24:12 38.1 36.56 1.99 67.05 46 0.43 0 0 0.43 
2017-03-24 23:24:17 38.1 36.56 1.99 67.05 46 0.43 0 0 0.43 
2017-03-24 23:24:22 38.1 36.56 1.99 67.05 46 0.43 0 0 0.43 
2017-03-24 23:24:27 38.1 36.56 1.99 67.05 46 0.43 0 0 0.43 
2017-03-24 23:24:32 38.1 36.56 1.99 67.05 46 0.43 0 0 0.43 
2017-03-24 23:24:37 38.1 41.31 1.99 67.05 46 0.43 0 0 0.43 
2017-03-24 23:24:51 4.43 22.95 1.96 63.94 40 0.47 0 0 0.47 
2017-03-24 23:24:56 0.04 56.63 2.01 63.97 46 0.48 0 0 0.48 
2017-03-24 23:25:01 0.04 57.3 2.01 63.97 46 0.48 0 0 0.48 
2017-03-24 23:25:06 0.04 70.87 2.01 64.57 46 0.48 0 0 0.48 
2017-03-24 23:25:11 0.04 71.37 2.01 64.57 46 0.48 0 0 0.48 
2017-03-24 23:25:16 0.04 74.43 2.01 64.57 46 0.48 0 0 0.48 
2017-03-24 23:25:21 0.04 77.47 2.01 64.59 46 0.48 0 0 0.48 
2017-03-24 23:25:26 0.04 77.47 2.01 64.59 46 0.48 0 0 0.48 
2017-03-24 23:25:31 0.04 77.47 2.01 64.59 46 0.48 0 0 0.48 
2017-03-24 23:25:36 0.04 78.47 2.01 64.59 46 0.48 0 0 0.48 
2017-03-24 23:25:41 0.04 78.47 2.01 64.59 46 0.48 0 0 0.48 
2017-03-24 23:25:46 0.04 86.47 2.01 64.67 46 0.48 0 0 0.48 
2017-03-24 23:25:51 0.04 86.91 2.01 64.67 46 0.48 0 0 0.48 
2017-03-24 23:25:56 0.04 89.91 2.01 64.67 46 0.48 0 0 0.48 
2017-03-24 23:26:01 0.04 89.91 2.01 64.67 46 0.48 0 0 0.48 
2017-03-24 23:26:06 0.04 89.91 2.01 64.67 46 0.48 0 0 0.48 
2017-03-24 23:26:11 0.04 89.91 2.01 64.67 46 0.48 0 0 0.48 
2017-03-24 23:26:16 0.04 89.91 2.01 64.67 46 0.48 0 0 0.48 
2017-03-24 23:26:21 0.04 89.91 2.01 64.67 46 0.48 0 0 0.48 
2017-03-24 23:26:26 0.04 89.91 2.01 64.67 46 0.48 0 0 0.48 
2017-03-24 23:26:31 0.04 89.91 2.01 64.67 46 0.48 0 0 0.48 
2017-03-24 23:26:36 0.04 89.91 2.01 64.67 46 0.48 0 0 0.48 
2017-03-24 23:26:41 0.04 89.91 2.01 64.67 46 0.48 0 0 0.48 
2017-03-24 23:26:46 0.04 90.36 2.01 64.68 46 0.48 0 0 0.48 
2017-03-24 23:26:51 0.04 90.86 2.01 64.68 46 0.48 0 0 0.48 
2017-03-24 23:26:56 0.04 91.86 2.01 64.68 46 0.48 0 0 0.48 
2017-03-24 23:27:01 0.04 91.86 2.01 64.68 46 0.48 0 0 0.48 
2017-03-24 23:27:06 0.04 91.86 2.01 64.68 46 0.48 0 0 0.48 
2017-03-24 23:27:11 0.04 91.86 2.01 64.68 46 0.48 0 0 0.48 
2017-03-24 23:27:16 18.33 33.68 2.01 66.05 47 0.5 0 0 0.5 
2017-03-24 23:27:21 18.33 46.11 2.01 66.15 47 0.5 0 0 0.5 
2017-03-24 23:27:26 18.33 53.74 2.01 66.47 47 0.5 0 0 0.5 
2017-03-24 23:27:31 18.33 61.78 2.01 67.01 47 0.5 0 0 0.5 
2017-03-24 23:27:36 18.33 73.17 2.01 67.16 47 0.5 0 0 0.5 
2017-03-24 23:27:41 18.33 78.92 2.01 67.49 47 0.5 0 0 0.5 
2017-03-24 23:27:46 18.33 91.4 2.01 67.75 47 0.5 0 0 0.5 
2017-03-24 23:27:51 0.06 11.72 2.56 67.75 93 0.86 0 0 0.86 
2017-03-24 23:27:56 0.06 16.41 2.56 67.75 93 0.86 0 0 0.86 
2017-03-24 23:28:01 0.06 16.5 2.56 67.75 93 0.86 0 0 0.86 
2017-03-24 23:28:06 0.06 16.5 2.56 67.75 93 0.86 0 0 0.86 
2017-03-24 23:28:11 0.06 16.58 2.56 67.75 93 0.86 0 0 0.86 
2017-03-24 23:28:16 0.06 20.05 2.56 67.76 93 0.86 0 0 0.86 
2017-03-24 23:28:21 0.06 20.05 2.56 67.76 93 0.86 0 0 0.86 
2017-03-24 23:28:26 0.06 24.62 2.56 67.76 93 0.86 0 0 0.86 
