2017-03-21 20:18:44 77.77 17.09 1.91 27.43 2 0.51 0 0 0.51 
2017-03-21 20:18:49 77.77 34.01 1.91 65.8 2 0.51 0 0 0.51 
2017-03-21 20:18:54 77.77 34.01 1.91 65.8 2 0.51 0 0 0.51 
2017-03-21 20:18:59 77.77 35.03 1.91 65.8 2 0.51 0 0 0.51 
2017-03-21 20:19:04 77.77 36.22 1.91 65.8 2 0.51 0 0 0.51 
2017-03-21 20:19:09 77.77 36.22 1.91 65.8 2 0.51 0 0 0.51 
2017-03-21 20:19:14 77.77 36.22 1.91 65.8 2 0.51 0 0 0.51 
2017-03-21 20:19:19 77.77 36.22 1.91 65.8 2 0.51 0 0 0.51 
2017-03-21 20:19:24 77.77 36.22 1.91 65.8 2 0.51 0 0 0.51 
2017-03-21 20:19:29 77.77 42.85 1.91 66.39 2 0.51 0 0 0.51 
2017-03-21 20:19:34 77.77 43.85 1.91 66.53 2 0.51 0 0 0.51 
2017-03-21 20:19:39 77.77 50.52 1.91 66.63 2 0.51 0 0 0.51 
2017-03-21 20:19:44 77.77 50.85 1.91 66.63 2 0.51 0 0 0.51 
2017-03-21 20:19:49 77.77 53.35 1.91 66.63 2 0.51 0 0 0.51 
2017-03-21 20:19:54 77.77 55.35 1.91 66.63 2 0.51 0 0 0.51 
2017-03-21 20:19:59 77.77 55.35 1.91 66.63 2 0.51 0 0 0.51 
2017-03-21 20:20:04 77.77 55.35 1.91 66.63 2 0.51 0 0 0.51 
2017-03-21 20:20:09 77.77 55.52 1.91 66.63 2 0.51 0 0 0.51 
2017-03-21 20:20:14 77.77 55.52 1.91 66.63 2 0.51 0 0 0.51 
2017-03-21 20:20:19 77.77 55.52 1.91 66.63 2 0.51 0 0 0.51 
2017-03-21 20:20:24 77.77 55.52 1.91 66.63 2 0.51 0 0 0.51 
2017-03-21 20:20:29 77.77 55.52 1.91 66.63 2 0.51 0 0 0.51 
2017-03-21 20:20:34 77.77 55.7 1.91 66.63 2 0.51 0 0 0.51 
2017-03-21 20:20:39 77.77 55.7 1.91 66.63 2 0.51 0 0 0.51 
2017-03-21 20:20:44 77.77 55.7 1.91 66.63 2 0.51 0 0 0.51 
2017-03-21 20:20:49 77.77 56.03 1.91 66.63 2 0.51 0 0 0.51 
2017-03-21 20:20:54 77.77 56.2 1.91 66.63 2 0.51 0 0 0.51 
2017-03-21 20:20:59 77.77 56.2 1.91 66.63 2 0.51 0 0 0.51 
2017-03-21 20:21:04 77.77 56.2 1.91 66.63 2 0.51 0 0 0.51 
2017-03-21 20:21:09 77.77 56.2 1.91 66.63 2 0.51 0 0 0.51 
2017-03-21 20:21:14 77.77 56.37 1.91 66.63 2 0.51 0 0 0.51 
2017-03-21 20:21:19 77.77 56.37 1.91 66.63 2 0.51 0 0 0.51 
2017-03-21 20:21:24 77.77 56.37 1.91 66.63 2 0.51 0 0 0.51 
2017-03-21 20:21:29 77.77 56.37 1.91 66.63 2 0.51 0 0 0.51 
2017-03-21 20:21:34 77.77 56.37 1.91 66.63 2 0.51 0 0 0.51 
2017-03-21 20:21:39 77.77 57.21 1.91 66.65 2 0.51 0 0 0.51 
2017-03-21 20:21:44 23.36 48.9 1.91 66.65 3 0.53 0 0 0.53 
2017-03-21 20:21:49 23.36 59.57 1.91 66.65 3 0.53 0 0 0.53 
2017-03-21 20:22:26 77.66 34.98 1.92 65.16 2 0.39 0 0 0.39 
2017-03-21 20:22:31 77.66 39 1.92 65.16 2 0.39 0 0 0.39 
2017-03-21 20:22:36 77.66 44.77 1.92 65.51 2 0.39 0 0 0.39 
2017-03-21 20:22:41 77.66 46.13 1.92 65.51 2 0.39 0 0 0.39 
2017-03-21 20:22:46 77.66 47.15 1.92 65.51 2 0.39 0 0 0.39 
2017-03-21 20:22:51 77.66 47.48 1.92 65.51 2 0.39 0 0 0.39 
2017-03-21 20:22:56 77.66 47.48 1.92 65.51 2 0.39 0 0 0.39 
2017-03-21 20:23:01 77.66 47.81 1.92 65.51 2 0.39 0 0 0.39 
2017-03-21 20:23:06 77.66 47.81 1.92 65.51 2 0.39 0 0 0.39 
2017-03-21 20:23:11 77.66 47.81 1.92 65.51 2 0.39 0 0 0.39 
2017-03-21 20:23:16 77.66 47.81 1.92 65.51 2 0.39 0 0 0.39 
2017-03-21 20:23:21 77.66 54.15 1.92 65.61 2 0.39 0 0 0.39 
2017-03-21 20:23:26 77.66 56.48 1.92 65.61 2 0.39 0 0 0.39 
2017-03-21 20:23:31 77.66 56.48 1.92 65.61 2 0.39 0 0 0.39 
2017-03-21 20:23:36 77.66 56.48 1.92 65.61 2 0.39 0 0 0.39 
2017-03-21 20:26:56 69.43 34.53 1.9 65.14 2 0.52 0 0 0.52 
2017-03-21 20:27:01 69.43 38.41 1.9 65.14 2 0.52 0 0 0.52 
2017-03-21 20:27:06 69.43 38.41 1.9 65.14 2 0.52 0 0 0.52 
2017-03-21 20:27:11 69.43 39.43 1.9 65.14 2 0.52 0 0 0.52 
2017-03-21 20:27:16 69.43 40.62 1.9 65.14 2 0.52 0 0 0.52 
2017-03-21 20:27:21 69.43 40.9 1.9 65.14 2 0.52 0 0 0.52 
2017-03-21 20:27:26 69.43 41.19 1.9 65.14 2 0.52 0 0 0.52 
2017-03-21 20:27:31 69.43 41.19 1.9 65.14 2 0.52 0 0 0.52 
2017-03-21 20:27:36 69.43 41.19 1.9 65.14 2 0.52 0 0 0.52 
2017-03-21 20:27:41 69.43 46.47 1.9 65.5 2 0.52 0 0 0.52 
2017-03-21 20:27:46 69.43 46.75 1.9 65.5 2 0.52 0 0 0.52 
2017-03-21 20:27:51 69.43 53.37 1.9 65.59 2 0.52 0 0 0.52 
2017-03-21 20:27:56 69.43 53.37 1.9 65.59 2 0.52 0 0 0.52 
2017-03-21 20:28:01 69.43 53.54 1.9 65.59 2 0.52 0 0 0.52 
2017-03-21 20:28:06 69.43 53.54 1.9 65.59 2 0.52 0 0 0.52 
2017-03-21 20:28:11 69.43 53.54 1.9 65.59 2 0.52 0 0 0.52 
2017-03-21 20:28:16 69.43 53.54 1.9 65.59 2 0.52 0 0 0.52 
2017-03-21 20:28:21 69.43 53.54 1.9 65.59 2 0.52 0 0 0.52 
2017-03-21 20:28:26 69.43 53.71 1.9 65.59 2 0.52 0 0 0.52 
2017-03-21 20:28:31 69.43 53.71 1.9 65.59 2 0.52 0 0 0.52 
2017-03-21 20:28:36 69.43 53.71 1.9 65.59 2 0.52 0 0 0.52 
2017-03-21 20:28:41 69.43 53.71 1.9 65.59 2 0.52 0 0 0.52 
2017-03-21 20:28:46 69.43 54.17 1.9 65.59 2 0.52 0 0 0.52 
2017-03-21 20:29:12 82.75 32.44 1.92 65.14 2 0.45 0 0 0.45 
2017-03-21 20:29:17 82.75 36.46 1.92 65.15 2 0.45 0 0 0.45 
2017-03-21 20:29:22 82.75 36.46 1.92 65.15 2 0.45 0 0 0.45 
2017-03-21 20:29:27 82.75 36.46 1.92 65.15 2 0.45 0 0 0.45 
2017-03-21 20:29:32 82.75 38.83 1.92 65.15 2 0.45 0 0 0.45 
2017-03-21 20:29:37 82.75 38.83 1.92 65.15 2 0.45 0 0 0.45 
2017-03-21 20:29:42 82.75 38.83 1.92 65.15 2 0.45 0 0 0.45 
2017-03-21 20:29:47 82.75 39.17 1.92 65.15 2 0.45 0 0 0.45 
2017-03-21 20:29:52 82.75 39.17 1.92 65.15 2 0.45 0 0 0.45 
2017-03-21 20:29:57 82.75 44.27 1.92 65.48 2 0.45 0 0 0.45 
2017-03-21 20:30:02 82.75 44.6 1.92 65.48 2 0.45 0 0 0.45 
2017-03-21 20:30:07 82.75 51.27 1.92 65.57 2 0.45 0 0 0.45 
2017-03-21 20:30:12 82.75 51.27 1.92 65.57 2 0.45 0 0 0.45 
2017-03-21 20:30:17 82.75 51.27 1.92 65.57 2 0.45 0 0 0.45 
2017-03-21 20:30:22 82.75 51.6 1.92 65.57 2 0.45 0 0 0.45 
2017-03-21 20:30:27 82.75 51.94 1.92 65.57 2 0.45 0 0 0.45 
2017-03-21 20:30:32 82.75 51.94 1.92 65.57 2 0.45 0 0 0.45 
2017-03-21 20:30:37 82.75 51.94 1.92 65.57 2 0.45 0 0 0.45 
2017-03-21 20:30:42 82.75 51.94 1.92 65.57 2 0.45 0 0 0.45 
2017-03-21 20:30:47 82.75 51.94 1.92 65.57 2 0.45 0 0 0.45 
2017-03-21 20:30:52 82.75 51.94 1.92 65.57 2 0.45 0 0 0.45 
2017-03-21 20:30:57 82.75 52.27 1.92 65.57 2 0.45 0 0 0.45 
2017-03-21 21:26:37 0.21 18.46 2.02 63.21 49 0.63 0 0 0.63 
2017-03-21 21:26:42 0.21 48.02 2.02 65.17 49 0.63 0 0 0.63 
2017-03-21 21:26:47 0.21 49.16 2.02 65.17 49 0.63 0 0 0.63 
2017-03-21 21:26:52 0.21 51.16 2.02 65.18 49 0.63 0 0 0.63 
2017-03-21 21:26:57 0.21 51.27 2.02 65.18 49 0.63 0 0 0.63 
2017-03-21 21:27:02 0.21 51.27 2.02 65.18 49 0.63 0 0 0.63 
2017-03-21 21:27:07 0.21 51.27 2.02 65.18 49 0.63 0 0 0.63 
2017-03-21 21:27:12 0.21 51.39 2.02 65.18 49 0.63 0 0 0.63 
2017-03-21 21:27:17 0.21 51.39 2.02 65.18 49 0.63 0 0 0.63 
2017-03-21 21:27:22 0.21 57.39 2.02 65.27 49 0.63 0 0 0.63 
2017-03-21 21:27:27 0.21 57.83 2.02 65.27 49 0.63 0 0 0.63 
2017-03-21 21:27:32 0.21 57.83 2.02 65.27 49 0.63 0 0 0.63 
2017-03-21 21:27:37 0.21 61.83 2.02 65.27 49 0.63 0 0 0.63 
2017-03-21 21:27:42 0.21 63.94 2.02 65.27 49 0.63 0 0 0.63 
2017-03-21 21:27:47 0.21 63.94 2.02 65.27 49 0.63 0 0 0.63 
2017-03-21 21:27:52 0.21 63.94 2.02 65.27 49 0.63 0 0 0.63 
2017-03-21 21:27:57 0.21 64.23 2.02 65.27 49 0.63 0 0 0.63 
2017-03-21 21:28:02 0.21 64.23 2.02 65.27 49 0.63 0 0 0.63 
2017-03-21 21:28:39 3.76 68.61 2.03 65.14 48 0.36 0 0 0.36 
2017-03-21 21:28:44 3.76 73.74 2.03 65.15 48 0.36 0 0 0.36 
2017-03-21 21:28:49 3.76 73.74 2.03 65.15 48 0.36 0 0 0.36 
2017-03-21 21:28:54 3.76 73.74 2.03 65.15 48 0.36 0 0 0.36 
2017-03-21 21:28:59 3.76 76.56 2.03 65.15 48 0.36 0 0 0.36 
2017-03-21 21:29:04 3.76 76.56 2.03 65.15 48 0.36 0 0 0.36 
2017-03-21 21:29:09 3.76 76.67 2.03 65.15 48 0.36 0 0 0.36 
2017-03-21 21:29:14 3.76 76.67 2.03 65.15 48 0.36 0 0 0.36 
2017-03-21 21:29:19 3.76 76.67 2.03 65.15 48 0.36 0 0 0.36 
2017-03-21 21:29:24 3.76 78.44 2.03 65.27 48 0.36 0 0 0.36 
2017-03-21 21:29:29 3.76 82.86 2.03 65.48 48 0.36 0 0 0.36 
2017-03-21 21:29:34 3.76 89.86 2.03 65.58 48 0.36 0 0 0.36 
2017-03-21 21:29:39 3.76 91.97 2.03 65.58 48 0.36 0 0 0.36 
2017-03-21 21:29:44 3.76 94.64 2.03 65.58 48 0.36 0 0 0.36 
2017-03-21 21:29:49 3.76 94.64 2.03 65.58 48 0.36 0 0 0.36 
2017-03-21 21:31:35 4.09 22.68 2.02 65.14 48 0.32 0 0 0.32 
2017-03-21 21:31:40 4.09 27.81 2.02 65.14 48 0.32 0 0 0.32 
2017-03-21 21:31:45 4.09 27.81 2.02 65.14 48 0.32 0 0 0.32 
2017-03-21 21:31:50 4.09 28.83 2.02 65.14 48 0.32 0 0 0.32 
2017-03-21 21:31:55 4.09 30.63 2.02 65.14 48 0.32 0 0 0.32 
2017-03-21 21:32:00 4.09 30.63 2.02 65.14 48 0.32 0 0 0.32 
2017-03-21 21:32:05 4.09 30.75 2.02 65.14 48 0.32 0 0 0.32 
2017-03-21 21:32:10 4.09 36.81 2.02 65.47 48 0.32 0 0 0.32 
2017-03-21 21:32:16 4.09 36.81 2.02 65.47 48 0.32 0 0 0.32 
2017-03-21 21:32:21 4.09 36.92 2.02 65.47 48 0.32 0 0 0.32 
2017-03-21 21:32:26 4.09 36.92 2.02 65.47 48 0.32 0 0 0.32 
2017-03-21 21:32:31 4.09 43.26 2.02 65.56 48 0.32 0 0 0.32 
2017-03-21 21:32:36 4.09 43.38 2.02 65.56 48 0.32 0 0 0.32 
2017-03-21 21:32:41 4.09 43.38 2.02 65.56 48 0.32 0 0 0.32 
2017-03-21 21:32:46 4.09 43.38 2.02 65.56 48 0.32 0 0 0.32 
2017-03-21 21:32:51 4.09 43.49 2.02 65.56 48 0.32 0 0 0.32 
2017-03-21 21:32:56 4.09 43.49 2.02 65.56 48 0.32 0 0 0.32 
2017-03-21 21:33:01 4.09 43.49 2.02 65.56 48 0.32 0 0 0.32 
2017-03-21 21:33:06 4.09 43.6 2.02 65.56 48 0.32 0 0 0.32 
2017-03-21 21:33:11 4.09 43.6 2.02 65.56 48 0.32 0 0 0.32 
2017-03-21 21:33:16 4.09 43.6 2.02 65.56 48 0.32 0 0 0.32 
2017-03-21 21:33:21 4.09 43.72 2.02 65.56 48 0.32 0 0 0.32 
2017-03-21 21:33:26 4.09 44.38 2.02 65.56 48 0.32 0 0 0.32 
2017-03-21 21:33:31 4.09 45.4 2.02 65.56 48 0.32 0 0 0.32 
2017-03-21 21:33:36 4.09 45.51 2.02 65.56 48 0.32 0 0 0.32 
2017-03-21 21:33:41 4.09 45.51 2.02 65.56 48 0.32 0 0 0.32 
2017-03-21 21:33:46 4.09 45.63 2.02 65.56 48 0.32 0 0 0.32 
2017-03-21 21:33:51 4.09 45.63 2.02 65.56 48 0.32 0 0 0.32 
2017-03-21 21:33:56 4.09 45.63 2.02 65.57 48 0.32 0 0 0.32 
2017-03-21 21:34:01 4.09 45.74 2.02 65.57 48 0.32 0 0 0.32 
2017-03-21 21:34:06 4.09 45.74 2.02 65.57 48 0.32 0 0 0.32 
2017-03-21 21:34:11 4.09 45.74 2.02 65.57 48 0.32 0 0 0.32 
2017-03-21 21:34:16 4.09 45.85 2.02 65.57 48 0.32 0 0 0.32 
2017-03-21 21:34:21 4.09 45.85 2.02 65.57 48 0.32 0 0 0.32 
2017-03-21 21:34:26 4.09 45.85 2.02 65.57 48 0.32 0 0 0.32 
2017-03-21 21:34:31 4.09 46.64 2.02 65.58 48 0.32 0 0 0.32 
2017-03-21 21:34:36 0.06 64.21 2.11 65.58 94 0.42 0 0 0.42 
2017-03-21 21:34:41 0.06 64.89 2.11 65.58 94 0.42 0 0 0.42 
2017-03-21 21:34:46 0.06 65.17 2.11 65.58 94 0.42 0 0 0.42 
2017-03-21 21:34:51 0.06 65.23 2.11 65.58 94 0.42 0 0 0.42 
2017-03-21 21:34:56 0.06 65.95 2.11 65.58 94 0.42 0 0 0.42 
2017-03-21 21:35:01 0.06 66.62 2.11 65.58 94 0.42 0 0 0.42 
2017-03-21 21:35:06 0.06 66.68 2.11 65.58 94 0.42 0 0 0.42 
2017-03-21 21:35:11 0.06 66.73 2.11 65.58 94 0.42 0 0 0.42 
2017-03-21 21:35:16 0.06 66.73 2.11 65.58 94 0.42 0 0 0.42 
2017-03-21 21:35:21 0.06 66.79 2.11 65.58 94 0.42 0 0 0.42 
2017-03-21 21:35:26 0.06 67.51 2.11 65.58 94 0.42 0 0 0.42 
2017-03-21 21:35:31 0.06 72.74 2.11 65.58 94 0.42 0 0 0.42 
2017-03-21 21:35:36 0.06 72.8 2.11 65.58 94 0.42 0 0 0.42 
2017-03-21 21:35:41 0.06 72.85 2.11 65.58 94 0.42 0 0 0.42 
2017-03-21 21:35:46 0.06 72.91 2.11 65.58 94 0.42 0 0 0.42 
2017-03-21 21:35:51 0.06 72.91 2.11 65.58 94 0.42 0 0 0.42 
2017-03-21 21:35:56 0.06 72.97 2.11 65.59 94 0.42 0 0 0.42 
2017-03-21 21:36:01 0.06 72.97 2.11 65.59 94 0.42 0 0 0.42 
2017-03-21 21:36:06 0.06 73.03 2.11 65.59 94 0.42 0 0 0.42 
2017-03-21 21:36:11 0.06 73.08 2.11 65.59 94 0.42 0 0 0.42 
2017-03-21 21:36:16 0.06 73.14 2.11 65.59 94 0.42 0 0 0.42 
2017-03-21 21:36:21 0.06 73.14 2.11 65.59 94 0.42 0 0 0.42 
2017-03-21 21:36:26 0.06 73.19 2.11 65.59 94 0.42 0 0 0.42 
2017-03-21 21:36:31 0.06 74.27 2.11 65.59 94 0.42 0 0 0.42 
2017-03-21 21:36:36 0.06 74.45 2.11 65.59 94 0.42 0 0 0.42 
2017-03-21 21:36:41 0.06 74.5 2.11 65.59 94 0.42 0 0 0.42 
2017-03-21 21:36:46 0.06 74.56 2.11 65.59 94 0.42 0 0 0.42 
2017-03-21 21:36:51 0.06 74.56 2.11 65.59 94 0.42 0 0 0.42 
2017-03-21 21:36:56 0.06 74.61 2.11 65.59 94 0.42 0 0 0.42 
2017-03-21 21:37:01 0.06 74.67 2.11 65.59 94 0.42 0 0 0.42 
2017-03-21 21:37:06 0.06 74.73 2.11 65.59 94 0.42 0 0 0.42 
2017-03-21 21:37:11 0.06 74.73 2.11 65.59 94 0.42 0 0 0.42 
2017-03-21 21:37:16 0.06 74.79 2.11 65.59 94 0.42 0 0 0.42 
2017-03-21 21:37:21 0.06 74.84 2.11 65.59 94 0.42 0 0 0.42 
2017-03-21 21:37:26 0.06 74.84 2.11 65.59 94 0.42 0 0 0.42 
2017-03-21 21:37:31 0.06 75.07 2.11 65.59 94 0.42 0 0 0.42 
2017-03-21 21:37:36 0.06 68.46 2.11 65.59 124 0.47 0 0 0.47 
2017-03-21 21:37:41 0.06 40.78 2.11 65.59 141 0.5 0 0 0.5 
2017-03-21 21:37:46 0.06 42.36 2.11 65.59 141 0.5 0 0 0.5 
2017-03-21 21:37:51 0.06 42.39 2.11 65.59 141 0.5 0 0 0.5 
2017-03-21 21:37:56 0.06 42.42 2.11 65.59 141 0.5 0 0 0.5 
2017-03-21 21:38:01 0.06 42.93 2.11 65.59 141 0.5 0 0 0.5 
2017-03-21 21:38:06 0.06 42.96 2.11 65.59 141 0.5 0 0 0.5 
2017-03-21 21:38:11 0.06 42.99 2.11 65.59 141 0.5 0 0 0.5 
2017-03-21 21:38:16 0.06 43.02 2.11 65.59 141 0.5 0 0 0.5 
2017-03-21 21:38:21 0.06 43.09 2.11 65.59 141 0.5 0 0 0.5 
2017-03-21 21:38:26 0.06 43.12 2.11 65.59 141 0.5 0 0 0.5 
2017-03-21 21:38:31 0.06 45.27 2.11 65.59 141 0.5 0 0 0.5 
2017-03-21 21:38:36 0.06 46.4 2.11 65.59 141 0.5 0 0 0.5 
2017-03-21 21:38:41 0.06 46.46 2.11 65.59 141 0.5 0 0 0.5 
2017-03-21 21:38:46 0.06 46.49 2.11 65.59 141 0.5 0 0 0.5 
2017-03-21 21:38:51 0.06 46.52 2.11 65.59 141 0.5 0 0 0.5 
2017-03-21 21:38:56 0.06 46.55 2.11 65.59 141 0.5 0 0 0.5 
2017-03-21 21:39:01 0.06 46.62 2.11 65.59 141 0.5 0 0 0.5 
2017-03-21 21:39:06 0.06 46.65 2.11 65.59 141 0.5 0 0 0.5 
2017-03-21 21:39:11 0.06 46.68 2.11 65.59 141 0.5 0 0 0.5 
2017-03-21 21:39:16 0.06 46.71 2.11 65.59 141 0.5 0 0 0.5 
2017-03-21 21:39:21 0.06 46.78 2.11 65.59 141 0.5 0 0 0.5 
2017-03-21 21:39:26 0.06 46.88 2.11 65.59 141 0.5 0 0 0.5 
2017-03-21 21:39:31 0.06 46.91 2.11 65.59 141 0.5 0 0 0.5 
2017-03-21 21:39:36 0.06 46.95 2.11 65.59 141 0.5 0 0 0.5 
2017-03-21 21:39:41 0.06 47.01 2.11 65.59 141 0.5 0 0 0.5 
2017-03-21 21:39:46 0.06 47.04 2.11 65.59 141 0.5 0 0 0.5 
2017-03-21 21:39:51 0.06 47.07 2.11 65.59 141 0.5 0 0 0.5 
2017-03-21 21:39:56 0.06 47.1 2.11 65.59 141 0.5 0 0 0.5 
2017-03-21 21:40:01 0.06 47.17 2.11 65.59 141 0.5 0 0 0.5 
2017-03-21 21:40:06 0.06 47.2 2.11 65.59 141 0.5 0 0 0.5 
2017-03-21 21:40:11 0.06 47.23 2.11 65.59 141 0.5 0 0 0.5 
2017-03-21 21:40:16 0.06 47.34 2.11 65.59 141 0.5 0 0 0.5 
2017-03-21 21:40:21 0.06 47.4 2.11 65.59 141 0.5 0 0 0.5 
2017-03-21 21:40:26 0.06 47.43 2.11 65.59 141 0.5 0 0 0.5 
2017-03-21 21:40:31 0.06 47.7 2.11 65.59 141 0.5 0 0 0.5 
2017-03-21 21:40:36 0.06 47.94 2.11 65.6 141 0.5 0 0 0.5 
2017-03-21 21:40:41 0.06 56.34 2.12 65.6 186 0.58 0 0 0.58 
2017-03-21 21:40:46 0.06 57.73 2.12 65.6 186 0.58 0 0 0.58 
2017-03-21 21:40:51 0.06 58.1 2.12 65.6 186 0.58 0 0 0.58 
2017-03-21 21:40:56 0.06 58.14 2.12 65.6 186 0.58 0 0 0.58 
2017-03-21 21:41:01 0.06 58.48 2.12 65.6 186 0.58 0 0 0.58 
2017-03-21 21:41:06 0.06 58.49 2.12 65.6 186 0.58 0 0 0.58 
2017-03-21 21:41:11 0.06 58.56 2.12 65.6 186 0.58 0 0 0.58 
2017-03-21 21:41:16 0.06 58.58 2.12 65.6 186 0.58 0 0 0.58 
2017-03-21 21:41:21 0.06 58.67 2.12 65.6 186 0.58 0 0 0.58 
2017-03-21 21:41:26 0.06 58.78 2.12 65.6 186 0.58 0 0 0.58 
2017-03-21 21:41:31 0.06 62.79 2.12 65.6 186 0.58 0 0 0.58 
2017-03-21 21:41:36 0.06 63.26 2.12 65.6 186 0.58 0 0 0.58 
2017-03-21 21:41:41 0.06 63.32 2.12 65.6 186 0.58 0 0 0.58 
2017-03-21 21:41:46 0.06 63.34 2.12 65.6 186 0.58 0 0 0.58 
2017-03-21 21:41:51 0.06 63.39 2.12 65.6 186 0.58 0 0 0.58 
2017-03-21 21:41:56 0.06 63.47 2.12 65.6 186 0.58 0 0 0.58 
2017-03-21 21:42:01 0.06 63.52 2.12 65.6 186 0.58 0 0 0.58 
2017-03-21 21:42:06 0.06 63.56 2.12 65.6 186 0.58 0 0 0.58 
2017-03-21 21:42:11 0.06 63.6 2.12 65.6 186 0.58 0 0 0.58 
2017-03-21 21:42:16 0.06 68.39 2.12 65.6 186 0.58 0 0 0.58 
2017-03-21 21:43:49 0.12 3.97 1.67 17.52 46 0.41 0 0 0.41 
2017-03-21 21:43:54 0.12 15.21 1.67 17.88 46 0.41 0 0 0.41 
2017-03-21 21:43:59 0.12 15.7 1.67 17.88 46 0.41 0 0 0.41 
2017-03-21 21:44:04 0.12 15.7 1.67 17.88 46 0.41 0 0 0.41 
2017-03-21 21:44:09 0.12 16.37 1.67 17.88 46 0.41 0 0 0.41 
2017-03-21 21:44:14 0.12 16.37 1.67 17.88 46 0.41 0 0 0.41 
2017-03-21 21:44:19 0.12 17.03 1.67 17.88 46 0.41 0 0 0.41 
2017-03-21 21:44:24 0.12 17.03 1.67 17.88 46 0.41 0 0 0.41 
2017-03-21 21:44:29 0.12 17.03 1.67 17.88 46 0.41 0 0 0.41 
2017-03-21 21:44:34 0.12 17.03 1.67 17.88 46 0.41 0 0 0.41 
2017-03-21 21:44:39 0.12 23.83 1.67 19.34 46 0.41 0 0 0.41 
2017-03-21 21:44:44 0.12 25.83 1.67 19.34 46 0.41 0 0 0.41 
2017-03-21 21:44:49 0.12 25.83 1.67 19.34 46 0.41 0 0 0.41 
2017-03-21 21:44:54 0.12 25.83 1.67 19.34 46 0.41 0 0 0.41 
2017-03-21 21:44:59 0.12 25.83 1.67 19.34 46 0.41 0 0 0.41 
2017-03-21 21:45:04 0.12 25.83 1.67 19.34 46 0.41 0 0 0.41 
2017-03-21 21:45:09 0.12 25.83 1.67 19.34 46 0.41 0 0 0.41 
2017-03-21 21:45:14 0.12 26.5 1.67 19.44 46 0.41 0 0 0.41 
2017-03-21 21:45:19 0.12 27.18 1.67 19.44 46 0.41 0 0 0.41 
2017-03-21 21:45:24 0.12 27.18 1.67 19.44 46 0.41 0 0 0.41 
2017-03-21 21:45:29 0.12 27.18 1.67 19.44 46 0.41 0 0 0.41 
2017-03-21 21:45:34 0.12 27.18 1.67 19.44 46 0.41 0 0 0.41 
2017-03-21 21:45:39 0.12 27.18 1.67 19.44 46 0.41 0 0 0.41 
2017-03-21 21:45:44 0.12 27.18 1.67 19.44 46 0.41 0 0 0.41 
2017-03-21 21:45:49 0.12 27.84 1.67 19.44 46 0.41 0 0 0.41 
2017-03-21 21:45:54 0.12 27.84 1.67 19.44 46 0.41 0 0 0.41 
2017-03-21 21:45:59 0.12 27.84 1.67 19.44 46 0.41 0 0 0.41 
2017-03-21 21:46:04 0.12 27.84 1.67 19.44 46 0.41 0 0 0.41 
2017-03-21 21:46:09 0.12 27.84 1.67 19.44 46 0.41 0 0 0.41 
2017-03-21 21:46:14 0.12 27.84 1.67 19.44 46 0.41 0 0 0.41 
2017-03-21 21:46:19 0.12 27.84 1.67 19.44 46 0.41 0 0 0.41 
2017-03-21 21:46:24 0.12 27.84 1.67 19.44 46 0.41 0 0 0.41 
2017-03-21 21:46:29 0.12 27.84 1.67 19.44 46 0.41 0 0 0.41 
2017-03-21 21:46:34 0.12 27.84 1.67 19.44 46 0.41 0 0 0.41 
2017-03-21 21:46:39 0.12 27.84 1.67 19.45 46 0.41 0 0 0.41 
2017-03-21 21:46:44 0.12 32.51 1.67 19.46 46 0.41 0 0 0.41 
2017-03-21 21:46:49 0.06 92.53 1.73 19.5 90 0.51 0 0 0.51 
2017-03-21 21:46:54 0.06 92.67 1.73 19.5 90 0.51 0 0 0.51 
2017-03-21 21:46:59 0.06 93.69 1.73 19.51 90 0.51 0 0 0.51 
2017-03-21 21:47:04 0.06 93.69 1.73 19.51 90 0.51 0 0 0.51 
2017-03-21 21:47:09 0.06 93.69 1.73 19.51 90 0.51 0 0 0.51 
2017-03-21 21:47:14 0.06 93.69 1.73 19.51 90 0.51 0 0 0.51 
2017-03-21 21:47:19 0.06 93.69 1.73 19.51 90 0.51 0 0 0.51 
2017-03-21 21:47:24 0.06 93.69 1.73 19.51 90 0.51 0 0 0.51 
2017-03-21 21:47:29 0.06 93.98 1.73 19.51 90 0.51 0 0 0.51 
2017-03-21 21:47:34 0.42 4.21 1.73 19.51 91 0.52 0 0 0.52 
2017-03-21 21:48:07 0.05 53.85 1.67 17.52 45 0.47 0 0 0.47 
2017-03-21 21:48:12 0.05 62.65 1.67 17.88 45 0.47 0 0 0.47 
2017-03-21 21:48:17 0.05 62.65 1.67 17.88 45 0.47 0 0 0.47 
2017-03-21 21:48:22 0.05 65.72 1.67 18.74 45 0.47 0 0 0.47 
2017-03-21 21:48:27 0.05 75.56 1.67 19.06 45 0.47 0 0 0.47 
2017-03-21 21:48:32 0.05 85.12 1.67 19.06 45 0.47 0 0 0.47 
2017-03-21 21:48:37 0.05 93.32 1.67 19.07 45 0.47 0 0 0.47 
2017-03-21 21:48:42 0.05 95.7 1.67 19.07 45 0.47 0 0 0.47 
2017-03-21 21:48:47 0.05 98.77 1.67 19.07 45 0.47 0 0 0.47 
2017-03-21 21:48:52 5.12 9.43 1.67 19.12 46 0.48 0 0 0.48 
2017-03-21 21:48:57 5.12 16.84 1.67 19.14 46 0.48 0 0 0.48 
2017-03-21 21:49:02 5.12 26.13 1.67 19.14 46 0.48 0 0 0.48 
2017-03-21 21:49:07 5.12 31.15 1.67 19.14 46 0.48 0 0 0.48 
2017-03-21 21:49:12 5.12 60.53 1.67 19.14 46 0.48 0 0 0.48 
2017-03-21 21:49:17 5.12 92.4 1.67 19.14 46 0.48 0 0 0.48 
2017-03-21 21:49:22 5.12 95.59 1.67 19.14 46 0.48 0 0 0.48 
2017-03-21 21:49:27 5.12 98.78 1.67 19.14 46 0.48 0 0 0.48 
2017-03-21 21:49:32 4.39 15.28 1.67 19.14 47 0.48 0 0 0.48 
2017-03-21 21:49:37 4.39 20.81 1.67 19.14 47 0.48 0 0 0.48 
2017-03-21 21:49:42 4.39 26.47 1.67 19.14 47 0.48 0 0 0.48 
2017-03-21 21:49:47 4.39 67.04 1.67 19.14 47 0.48 0 0 0.48 
2017-03-21 21:49:52 4.39 80.13 1.67 19.14 47 0.48 0 0 0.48 
2017-03-21 21:49:57 4.39 85.79 1.67 19.14 47 0.48 0 0 0.48 
2017-03-21 21:50:02 4.39 95.13 1.67 19.14 47 0.48 0 0 0.48 
2017-03-21 21:50:07 4.41 6.71 1.67 19.14 48 0.48 0 0 0.48 
2017-03-21 21:50:12 4.41 14.02 1.67 19.14 48 0.48 0 0 0.48 
2017-03-21 21:50:17 4.41 19.92 1.67 19.14 48 0.48 0 0 0.48 
2017-03-21 21:50:22 4.41 25.83 1.67 19.14 48 0.48 0 0 0.48 
2017-03-21 21:50:27 4.41 35.29 1.67 19.14 48 0.48 0 0 0.48 
2017-03-21 21:50:32 4.41 45.93 1.67 19.14 48 0.48 0 0 0.48 
2017-03-21 21:50:37 4.89 23.78 1.67 19.14 49 0.49 0 0 0.49 
2017-03-21 21:50:42 4.89 28.7 1.67 19.14 49 0.49 0 0 0.49 
2017-03-21 21:50:47 4.89 38.4 1.67 19.14 49 0.49 0 0 0.49 
2017-03-21 21:50:52 4.89 47.07 1.67 19.14 49 0.49 0 0 0.49 
2017-03-21 21:50:57 1.6 1.84 1.73 19.14 50 0.49 0 0 0.49 
2017-03-21 21:51:02 1.6 63.47 1.73 19.16 50 0.49 0 0 0.49 
2017-03-21 21:51:07 0.1 11.8 1.73 19.16 96 0.55 0 0 0.55 
2017-03-21 21:51:12 0.1 18.85 1.73 19.16 96 0.55 0 0 0.55 
2017-03-21 21:51:17 0.1 61.63 1.73 19.16 96 0.55 0 0 0.55 
2017-03-21 21:51:22 0.48 73.99 1.73 19.16 97 0.55 0 0 0.55 
2017-03-21 21:51:27 0.48 78.02 1.73 19.16 97 0.55 0 0 0.55 
2017-03-21 21:51:32 0.31 64.15 1.73 19.16 98 0.55 0 0 0.55 
2017-03-21 21:51:37 0.31 92.5 1.73 19.16 98 0.55 0 0 0.55 
2017-03-21 21:51:42 0.16 2.41 1.73 19.16 99 0.55 0 0 0.55 
2017-03-21 21:51:47 0.16 9.3 1.73 19.16 99 0.55 0 0 0.55 
2017-03-21 21:51:52 0.16 17.55 1.73 19.16 99 0.55 0 0 0.55 
2017-03-21 21:51:57 0.16 23.29 1.73 19.16 99 0.55 0 0 0.55 
2017-03-21 21:52:02 0.38 16.35 1.73 19.16 100 0.55 0 0 0.55 
2017-03-21 21:52:07 0.45 13.93 1.73 19.16 101 0.55 0 0 0.55 
2017-03-21 21:52:12 0.35 9.88 1.73 19.16 102 0.56 0 0 0.56 
2017-03-21 21:52:17 0.35 12.07 1.73 19.16 102 0.56 0 0 0.56 
2017-03-21 21:52:22 0.35 18.51 1.73 19.17 102 0.56 0 0 0.56 
2017-03-21 21:52:27 0.35 50.43 1.73 19.17 102 0.56 0 0 0.56 
2017-03-21 21:52:32 0.44 43.31 1.73 19.17 103 0.56 0 0 0.56 
2017-03-21 21:52:37 0.25 42.14 1.73 19.17 105 0.56 0 0 0.56 
2017-03-21 21:52:42 0.25 45.27 1.73 19.17 105 0.56 0 0 0.56 
2017-03-21 21:52:47 0.25 49.9 1.73 19.17 105 0.56 0 0 0.56 
2017-03-21 21:52:52 0.25 56.08 1.73 19.17 105 0.56 0 0 0.56 
2017-03-21 21:52:57 0.25 62.24 1.73 19.17 105 0.56 0 0 0.56 
2017-03-21 21:53:02 0.25 68.71 1.73 19.17 105 0.56 0 0 0.56 
2017-03-21 21:53:07 0.25 76.76 1.73 19.17 105 0.56 0 0 0.56 
2017-03-21 21:53:12 0.25 82.94 1.73 19.17 105 0.56 0 0 0.56 
2017-03-21 21:53:17 0.25 87.57 1.73 19.17 105 0.56 0 0 0.56 
2017-03-21 21:53:22 0.25 92.22 1.73 19.17 105 0.56 0 0 0.56 
2017-03-21 21:53:27 0.31 1.69 1.73 19.17 106 0.56 0 0 0.56 
2017-03-21 21:53:32 0.31 10.43 1.73 19.17 106 0.56 0 0 0.56 
2017-03-21 21:53:37 0.31 20.65 1.73 19.17 106 0.56 0 0 0.56 
2017-03-21 21:53:42 0.31 39.38 1.73 19.17 106 0.56 0 0 0.56 
2017-03-21 21:53:47 0.31 42.8 1.73 19.17 106 0.56 0 0 0.56 
2017-03-21 21:53:52 0.31 53 1.73 19.17 106 0.56 0 0 0.56 
2017-03-21 21:53:57 0.31 64.88 1.73 19.17 106 0.56 0 0 0.56 
2017-03-21 21:54:02 0.31 76.3 1.73 19.17 106 0.56 0 0 0.56 
2017-03-21 21:54:07 0.08 4.02 1.74 19.17 145 0.6 0 0 0.6 
2017-03-21 21:54:12 0.02 4.38 1.74 19.17 151 0.61 0 0 0.61 
2017-03-21 21:54:17 0.02 36.58 1.74 19.17 151 0.61 0 0 0.61 
2017-03-21 21:54:22 0.02 47.18 1.74 19.17 151 0.61 0 0 0.61 
2017-03-21 21:54:27 0.02 54.51 1.74 19.17 151 0.61 0 0 0.61 
2017-03-21 21:54:32 0.02 57.07 1.74 19.17 151 0.61 0 0 0.61 
2017-03-21 21:54:37 0.02 57.28 1.74 19.17 151 0.61 0 0 0.61 
2017-03-21 21:54:42 0.02 97.44 1.74 19.17 151 0.61 0 0 0.61 
2017-03-21 21:54:47 0.21 2.93 1.74 19.17 152 0.61 0 0 0.61 
2017-03-21 21:54:52 0.45 15.32 1.74 19.17 153 0.61 0 0 0.61 
2017-03-21 21:54:57 0.45 47.22 1.74 19.17 153 0.61 0 0 0.61 
2017-03-21 21:55:02 0.45 53.72 1.74 19.17 153 0.61 0 0 0.61 
2017-03-21 21:55:07 0.45 66.14 1.74 19.17 153 0.61 0 0 0.61 
2017-03-21 21:55:12 0.45 70.66 1.74 19.17 153 0.61 0 0 0.61 
2017-03-21 21:55:17 0.45 78.14 1.74 19.17 153 0.61 0 0 0.61 
2017-03-21 21:55:22 0.45 84.89 1.74 19.17 153 0.61 0 0 0.61 
2017-03-21 21:55:27 0.45 92.37 1.74 19.17 153 0.61 0 0 0.61 
2017-03-21 21:55:32 0.45 93.17 1.74 19.17 153 0.61 0 0 0.61 
2017-03-21 21:55:37 0.45 97.67 1.74 19.17 153 0.61 0 0 0.61 
2017-03-21 21:55:42 0.33 62.54 1.74 19.17 154 0.62 0 0 0.62 
2017-03-21 21:55:47 0.33 70.87 1.74 19.17 154 0.62 0 0 0.62 
2017-03-21 21:55:52 0.33 74.68 1.74 19.17 154 0.62 0 0 0.62 
2017-03-21 21:55:57 0.33 77.73 1.74 19.17 154 0.62 0 0 0.62 
2017-03-21 21:56:02 0.33 77.87 1.74 19.17 154 0.62 0 0 0.62 
2017-03-21 21:56:07 0.33 77.98 1.74 19.17 154 0.62 0 0 0.62 
2017-03-21 21:56:12 0.33 78.03 1.74 19.17 154 0.62 0 0 0.62 
2017-03-21 21:56:17 0.33 78.07 1.74 19.17 154 0.62 0 0 0.62 
2017-03-21 21:56:22 0.33 78.13 1.74 19.17 154 0.62 0 0 0.62 
2017-03-21 21:56:27 0.33 78.16 1.74 19.17 154 0.62 0 0 0.62 
2017-03-21 21:56:32 0.33 78.22 1.74 19.17 154 0.62 0 0 0.62 
2017-03-21 21:56:37 0.33 78.26 1.74 19.17 154 0.62 0 0 0.62 
2017-03-21 21:56:42 0.33 78.31 1.74 19.17 154 0.62 0 0 0.62 
2017-03-21 21:56:47 0.33 78.35 1.74 19.17 154 0.62 0 0 0.62 
2017-03-21 21:56:52 0.33 78.41 1.74 19.18 154 0.62 0 0 0.62 
2017-03-21 21:56:57 0.33 78.44 1.74 19.18 154 0.62 0 0 0.62 
2017-03-21 21:57:02 0.33 79.17 1.74 19.18 154 0.62 0 0 0.62 
2017-03-21 21:57:07 0.33 79.22 1.74 19.18 154 0.62 0 0 0.62 
2017-03-21 21:57:12 0.06 46.31 1.74 19.18 201 0.67 0 0 0.67 
2017-03-21 21:57:17 0.06 46.35 1.74 19.18 201 0.67 0 0 0.67 
2017-03-21 21:57:22 0.06 46.4 1.74 19.18 201 0.67 0 0 0.67 
2017-03-21 21:57:27 0.06 46.44 1.74 19.18 201 0.67 0 0 0.67 
2017-03-21 21:57:32 0.06 46.5 1.74 19.18 201 0.67 0 0 0.67 
2017-03-21 21:57:37 0.06 46.53 1.74 19.18 201 0.67 0 0 0.67 
2017-03-21 21:57:42 0.06 46.59 1.74 19.18 201 0.67 0 0 0.67 
2017-03-21 21:57:47 0.06 46.63 1.74 19.18 201 0.67 0 0 0.67 
2017-03-21 21:57:52 0.06 46.68 1.74 19.18 201 0.67 0 0 0.67 
2017-03-21 21:57:57 0.06 47.67 1.74 19.18 201 0.67 0 0 0.67 
2017-03-21 21:58:02 0.06 47.78 1.74 19.18 201 0.67 0 0 0.67 
2017-03-21 21:58:07 0.06 47.83 1.74 19.18 201 0.67 0 0 0.67 
2017-03-21 21:58:12 0.06 47.88 1.74 19.18 201 0.67 0 0 0.67 
2017-03-21 21:58:17 0.06 47.92 1.74 19.18 201 0.67 0 0 0.67 
2017-03-21 21:58:22 0.06 47.98 1.74 19.18 201 0.67 0 0 0.67 
2017-03-21 21:58:27 0.06 48.02 1.74 19.18 201 0.67 0 0 0.67 
2017-03-21 21:58:32 0.06 48.07 1.74 19.18 201 0.67 0 0 0.67 
2017-03-21 21:58:37 0.06 48.11 1.74 19.18 201 0.67 0 0 0.67 
2017-03-21 21:58:42 0.06 48.17 1.74 19.18 201 0.67 0 0 0.67 
2017-03-21 21:58:47 0.06 48.21 1.74 19.18 201 0.67 0 0 0.67 
2017-03-21 21:58:52 0.06 48.26 1.74 19.18 201 0.67 0 0 0.67 
2017-03-21 21:58:57 0.06 48.3 1.74 19.18 201 0.67 0 0 0.67 
2017-03-21 21:59:02 0.06 48.36 1.74 19.18 201 0.67 0 0 0.67 
2017-03-21 21:59:07 0.06 48.43 1.74 19.18 201 0.67 0 0 0.67 
2017-03-21 21:59:12 0.06 48.48 1.74 19.18 201 0.67 0 0 0.67 
2017-03-21 21:59:17 0.06 48.52 1.74 19.18 201 0.67 0 0 0.67 
2017-03-21 21:59:22 0.06 48.58 1.74 19.18 201 0.67 0 0 0.67 
2017-03-21 21:59:27 0.06 48.61 1.74 19.18 201 0.67 0 0 0.67 
2017-03-21 21:59:32 0.06 48.67 1.74 19.18 201 0.67 0 0 0.67 
2017-03-21 21:59:37 0.06 48.71 1.74 19.18 201 0.67 0 0 0.67 
2017-03-21 21:59:42 0.06 48.76 1.74 19.18 201 0.67 0 0 0.67 
2017-03-21 21:59:47 0.06 48.8 1.74 19.18 201 0.67 0 0 0.67 
2017-03-21 21:59:52 0.06 48.86 1.74 19.18 201 0.67 0 0 0.67 
2017-03-21 21:59:57 0.06 48.9 1.74 19.18 201 0.67 0 0 0.67 
2017-03-21 22:00:02 0.06 49.39 1.74 19.18 201 0.67 0 0 0.67 
2017-03-21 22:00:07 0.06 49.44 1.74 19.18 201 0.67 0 0 0.67 
2017-03-21 22:00:12 0.06 2.01 1.75 19.18 234 0.7 0 0 0.7 
2017-03-21 22:00:17 0.05 14.13 1.75 19.18 248 0.72 0 0 0.72 
2017-03-21 22:00:22 0.05 14.2 1.75 19.18 248 0.72 0 0 0.72 
2017-03-21 22:00:27 0.05 14.24 1.75 19.18 248 0.72 0 0 0.72 
2017-03-21 22:00:32 0.05 14.29 1.75 19.18 248 0.72 0 0 0.72 
2017-03-21 22:00:37 0.05 14.33 1.75 19.18 248 0.72 0 0 0.72 
2017-03-21 22:00:42 0.05 14.39 1.75 19.18 248 0.72 0 0 0.72 
2017-03-21 22:00:47 0.05 14.42 1.75 19.18 248 0.72 0 0 0.72 
2017-03-21 22:00:52 0.05 14.48 1.75 19.18 248 0.72 0 0 0.72 
2017-03-21 22:00:57 0.05 14.52 1.75 19.18 248 0.72 0 0 0.72 
2017-03-21 22:01:02 0.05 14.61 1.75 19.18 248 0.72 0 0 0.72 
2017-03-21 22:01:07 0.05 14.66 1.75 19.18 248 0.72 0 0 0.72 
2017-03-21 22:01:12 0.05 14.71 1.75 19.18 248 0.72 0 0 0.72 
2017-03-21 22:01:17 0.05 14.75 1.75 19.18 248 0.72 0 0 0.72 
2017-03-21 22:01:22 0.05 14.81 1.75 19.18 248 0.72 0 0 0.72 
2017-03-21 22:01:27 0.05 14.84 1.75 19.18 248 0.72 0 0 0.72 
2017-03-21 22:01:32 0.05 14.9 1.75 19.18 248 0.72 0 0 0.72 
2017-03-21 22:01:37 0.05 14.94 1.75 19.18 248 0.72 0 0 0.72 
2017-03-21 22:01:42 0.05 14.99 1.75 19.18 248 0.72 0 0 0.72 
2017-03-21 22:01:47 0.05 15.03 1.75 19.18 248 0.72 0 0 0.72 
2017-03-21 22:01:52 0.05 15.08 1.75 19.18 248 0.72 0 0 0.72 
2017-03-21 22:01:57 0.05 15.12 1.75 19.18 248 0.72 0 0 0.72 
2017-03-21 22:02:02 0.05 15.18 1.75 19.18 248 0.72 0 0 0.72 
2017-03-21 22:02:07 0.05 15.23 1.75 19.18 248 0.72 0 0 0.72 
2017-03-21 22:02:12 0.05 15.28 1.75 19.18 248 0.72 0 0 0.72 
2017-03-21 22:02:17 0.05 15.32 1.75 19.18 248 0.72 0 0 0.72 
2017-03-21 22:02:22 0.05 15.38 1.75 19.18 248 0.72 0 0 0.72 
2017-03-21 22:02:27 0.05 15.42 1.75 19.18 248 0.72 0 0 0.72 
2017-03-21 22:02:32 0.05 15.47 1.75 19.18 248 0.72 0 0 0.72 
2017-03-21 22:02:37 0.05 15.51 1.75 19.18 248 0.72 0 0 0.72 
2017-03-21 22:02:42 0.05 15.56 1.75 19.18 248 0.72 0 0 0.72 
2017-03-21 22:02:47 0.05 15.6 1.75 19.18 248 0.72 0 0 0.72 
2017-03-21 22:02:52 0.05 15.66 1.75 19.18 248 0.72 0 0 0.72 
2017-03-21 22:02:57 0.05 15.7 1.75 19.18 248 0.72 0 0 0.72 
2017-03-21 22:03:02 0.05 16.04 1.75 19.18 248 0.72 0 0 0.72 
2017-03-21 22:03:07 0.05 16.12 1.75 19.18 248 0.72 0 0 0.72 
2017-03-21 22:03:12 0.05 16.17 1.75 19.18 248 0.72 0 0 0.72 
2017-03-21 22:03:17 0.06 82.5 1.75 19.18 294 0.77 0 0 0.77 
2017-03-21 22:03:22 0.06 82.56 1.75 19.18 294 0.77 0 0 0.77 
2017-03-21 22:03:27 0.06 82.6 1.75 19.18 294 0.77 0 0 0.77 
2017-03-21 22:03:32 0.06 82.66 1.75 19.18 294 0.77 0 0 0.77 
2017-03-21 22:03:37 0.06 82.7 1.75 19.18 294 0.77 0 0 0.77 
2017-03-21 22:03:42 0.06 82.75 1.75 19.18 294 0.77 0 0 0.77 
2017-03-21 22:03:47 0.06 82.79 1.75 19.18 294 0.77 0 0 0.77 
2017-03-21 22:03:52 0.06 82.84 1.75 19.18 294 0.77 0 0 0.77 
2017-03-21 22:03:57 0.06 82.88 1.75 19.18 294 0.77 0 0 0.77 
2017-03-21 22:04:02 0.06 82.97 1.75 19.18 294 0.77 0 0 0.77 
2017-03-21 22:04:07 0.06 83.02 1.75 19.18 294 0.77 0 0 0.77 
2017-03-21 22:04:12 0.06 83.08 1.75 19.18 294 0.77 0 0 0.77 
2017-03-21 22:04:17 0.06 83.12 1.75 19.18 294 0.77 0 0 0.77 
2017-03-21 22:04:22 0.06 83.17 1.75 19.18 294 0.77 0 0 0.77 
2017-03-21 22:04:27 0.06 83.21 1.75 19.18 294 0.77 0 0 0.77 
2017-03-21 22:04:32 0.06 83.27 1.75 19.18 294 0.77 0 0 0.77 
2017-03-21 22:04:37 0.06 83.3 1.75 19.18 294 0.77 0 0 0.77 
2017-03-21 22:04:42 0.06 83.36 1.75 19.19 294 0.77 0 0 0.77 
2017-03-21 22:04:47 0.06 83.4 1.75 19.19 294 0.77 0 0 0.77 
2017-03-21 22:04:52 0.06 83.45 1.75 19.19 294 0.77 0 0 0.77 
2017-03-21 22:04:57 0.06 83.49 1.75 19.19 294 0.77 0 0 0.77 
2017-03-21 22:05:02 0.06 83.55 1.75 19.19 294 0.77 0 0 0.77 
2017-03-21 22:05:07 0.06 83.6 1.75 19.19 294 0.77 0 0 0.77 
2017-03-21 22:05:12 0.06 83.65 1.75 19.19 294 0.77 0 0 0.77 
2017-03-21 22:05:17 0.06 83.69 1.75 19.19 294 0.77 0 0 0.77 
2017-03-21 22:05:22 0.06 94.91 1.75 19.19 294 0.77 0 0 0.77 
2017-03-21 22:23:36 0.06 92.18 2.02 63.92 46 0.51 0 0 0.51 
2017-03-21 22:23:41 0.06 97.52 2.02 63.93 46 0.51 0 0 0.51 
2017-03-21 22:23:46 2.29 6.98 2.02 64.28 47 0.51 0 0 0.51 
2017-03-21 22:23:51 2.29 9.45 2.02 64.28 47 0.51 0 0 0.51 
2017-03-21 22:23:56 2.29 9.89 2.02 64.28 47 0.51 0 0 0.51 
2017-03-21 22:24:01 2.29 12.45 2.02 64.28 47 0.51 0 0 0.51 
2017-03-21 22:24:06 2.29 12.45 2.02 64.28 47 0.51 0 0 0.51 
2017-03-21 22:24:11 2.29 12.95 2.02 64.28 47 0.51 0 0 0.51 
2017-03-21 22:24:16 2.29 12.95 2.02 64.28 47 0.51 0 0 0.51 
2017-03-21 22:24:21 2.29 12.95 2.02 64.28 47 0.51 0 0 0.51 
2017-03-21 22:24:26 2.29 12.95 2.02 64.28 47 0.51 0 0 0.51 
2017-03-21 22:24:31 2.29 26.71 2.02 64.37 47 0.51 0 0 0.51 
